#
# A fatal error has been detected by the Java Runtime Environment:
#
#  SIGSEGV (0xb) at pc=0x0000000106b28856, pid=48651, tid=35331
#
# JRE version: OpenJDK Runtime Environment (11.0.10) (build 11.0.10+0-b96-7281165)
# Java VM: OpenJDK 64-Bit Server VM (11.0.10+0-b96-7281165, mixed mode, tiered, compressed oops, g1 gc, bsd-amd64)
# Problematic frame:
# V  [libjvm.dylib+0x328856]  G1ParScanThreadState::copy_to_survivor_space(InCSetState, oopDesc*, markOopDesc*)+0x60
#
# No core dump will be written. Core dumps have been disabled. To enable core dumping, try "ulimit -c unlimited" before starting Java again
#
# If you would like to submit a bug report, please visit:
#   https://bugreport.java.com/bugreport/crash.jsp
#

---------------  S U M M A R Y ------------

Command Line: --add-opens=java.base/java.util=ALL-UNNAMED --add-opens=java.base/java.lang=ALL-UNNAMED --add-opens=java.base/java.lang.invoke=ALL-UNNAMED --add-opens=java.base/java.util=ALL-UNNAMED --add-opens=java.prefs/java.util.prefs=ALL-UNNAMED --add-opens=java.prefs/java.util.prefs=ALL-UNNAMED --add-opens=java.base/java.nio.charset=ALL-UNNAMED --add-opens=java.base/java.net=ALL-UNNAMED --add-opens=java.base/java.util.concurrent.atomic=ALL-UNNAMED -Xmx2048m -Dfile.encoding=UTF-8 -Duser.country=419 -Duser.language=es -Duser.variant org.gradle.launcher.daemon.bootstrap.GradleDaemon 7.0.2

Host: MacBookPro15,2 x86_64 2400 MHz, 8 cores, 8G, Darwin 20.6.0
Time: Sat Oct  9 21:30:40 2021 -05 elapsed time: 3.703498 seconds (0d 0h 0m 3s)

---------------  T H R E A D  ---------------

Current thread (0x00007fd62dcf2000):  GCTaskThread "GC Thread#7" [stack: 0x000070000e5fd000,0x000070000e6fd000] [id=35331]

Stack: [0x000070000e5fd000,0x000070000e6fd000],  sp=0x000070000e6fcc90,  free space=1023k
Native frames: (J=compiled Java code, A=aot compiled Java code, j=interpreted, Vv=VM code, C=native code)
V  [libjvm.dylib+0x328856]  G1ParScanThreadState::copy_to_survivor_space(InCSetState, oopDesc*, markOopDesc*)+0x60
V  [libjvm.dylib+0x327345]  G1ParScanThreadState::dispatch_reference(StarTask)+0x141
V  [libjvm.dylib+0x32f198]  G1ParScanThreadState::trim_queue_to_threshold(unsigned int)+0x170
V  [libjvm.dylib+0x32869e]  G1ParScanThreadState::trim_queue()+0x1a
V  [libjvm.dylib+0x2fe2ef]  G1ParEvacuateFollowersClosure::do_void()+0x28d
V  [libjvm.dylib+0x300dcf]  G1ParTask::work(unsigned int)+0x131
V  [libjvm.dylib+0x7b471d]  GangWorker::loop()+0x43
V  [libjvm.dylib+0x7462b0]  Thread::call_run()+0x68
V  [libjvm.dylib+0x5fc9b9]  thread_native_entry(Thread*)+0x12d
C  [libsystem_pthread.dylib+0x68fc]  _pthread_start+0xe0
C  [libsystem_pthread.dylib+0x2443]  thread_start+0xf


siginfo: si_signo: 11 (SIGSEGV), si_code: 1 (SEGV_MAPERR), si_addr: 0x000000000000c110

Register to memory mapping:

RAX=0x000000000000c000 is an unknown value
RBX=0x00007fd630b2b0d0 points into unknown readable memory: 0x0000000107127930 | 30 79 12 07 01 00 00 00
RCX=0x0 is NULL
RDX=0x000000078599df01 is pointing into object: [B 
{0x000000078599dd58} - klass: {type array byte}
 - length: 4096
RSP=0x000070000e6fcc90 points into unknown readable memory: 0x00000007816159dd | dd 59 61 81 07 00 00 00
RBP=0x000070000e6fcd00 points into unknown readable memory: 0x000070000e6fcd30 | 30 cd 6f 0e 00 70 00 00
RSI=0x000000078599df98 is pointing into object: [B 
{0x000000078599dd58} - klass: {type array byte}
 - length: 4096
RDI=0x0000000800000000 is pointing into metadata
R8 =0x0000000000000003 is an unknown value
R9 =0x00007fd630100000 points into unknown readable memory: 0x0000000782d13f15 | 15 3f d1 82 07 00 00 00
R10=0x0000048a0000013b is an unknown value
R11=0xfffffffffe79abc0 is an unknown value
R12=0x000000078599df98 is pointing into object: [B 
{0x000000078599dd58} - klass: {type array byte}
 - length: 4096
R13=0x0 is NULL
R14=0x00007fd630b2b0d0 points into unknown readable memory: 0x0000000107127930 | 30 79 12 07 01 00 00 00
R15=0x0000000000000001 is an unknown value


Registers:
RAX=0x000000000000c000, RBX=0x00007fd630b2b0d0, RCX=0x0000000000000000, RDX=0x000000078599df01
RSP=0x000070000e6fcc90, RBP=0x000070000e6fcd00, RSI=0x000000078599df98, RDI=0x0000000800000000
R8 =0x0000000000000003, R9 =0x00007fd630100000, R10=0x0000048a0000013b, R11=0xfffffffffe79abc0
R12=0x000000078599df98, R13=0x0000000000000000, R14=0x00007fd630b2b0d0, R15=0x0000000000000001
RIP=0x0000000106b28856, EFLAGS=0x0000000000010246, ERR=0x0000000000000004
  TRAPNO=0x000000000000000e

Top of Stack: (sp=0x000070000e6fcc90)
0x000070000e6fcc90:   00000007816159dd 00007fd630b2b0d0
0x000070000e6fcca0:   0000000000000048 00000008000060b0
0x000070000e6fccb0:   000000010e6fccd0 0000000000000005
0x000070000e6fccc0:   000000000000000d 0000000000000003
0x000070000e6fccd0:   0000000781615f01 00000007841382cc
0x000070000e6fcce0:   000000000001ffff 00007fd62ce06710
0x000070000e6fccf0:   00007fd630b2b0d0 000000010716aa50
0x000070000e6fcd00:   000070000e6fcd30 0000000106b27345
0x000070000e6fcd10:   000000000000000e 00007fd630b2b0d0
0x000070000e6fcd20:   0000000000000000 00007fd630b2b0d0
0x000070000e6fcd30:   000070000e6fcd80 0000000106b2f198
0x000070000e6fcd40:   0000000000000001 00000007841382cd
0x000070000e6fcd50:   00000007843e0819 00000007843e081c
0x000070000e6fcd60:   00007fd630b2b0d0 00007fd630b2b0d0
0x000070000e6fcd70:   000000000001ffff 00007fd630b2b268
0x000070000e6fcd80:   000070000e6fcda0 0000000106b2869e
0x000070000e6fcd90:   0000000781615fa0 00000007856a2162
0x000070000e6fcda0:   000070000e6fcdf0 0000000106afe2ef
0x000070000e6fcdb0:   00007fd62f008e00 000070000e6fce08
0x000070000e6fcdc0:   00000007856a2162 000070000e6fce08
0x000070000e6fcdd0:   000070000cba84e0 0000000000000000
0x000070000e6fcde0:   0000000000000001 00007fd630b2b0d0
0x000070000e6fcdf0:   000070000e6fcf00 0000000106b00dcf
0x000070000e6fce00:   000070000cba8a00 0000000107125f88
0x000070000e6fce10:   0000000000000000 0000000000000000
0x000070000e6fce20:   0000000000000000 00007fd62f008e00
0x000070000e6fce30:   00007fd630b2b0d0 00007fd62ce06710
0x000070000e6fce40:   000070000cba8518 00007fd62dcf2000
0x000070000e6fce50:   00007fd62cd96da0 00007fd62cd96de0
0x000070000e6fce60:   00007fd62cd96df0 00007fd62cd96ec8
0x000070000e6fce70:   00000000000000d8 00007fd62cd96fe0
0x000070000e6fce80:   00007fd62cd96980 00007fd62cd969b0 

Instructions: (pc=0x0000000106b28856)
0x0000000106b28756:   5b 41 5e 41 5f 5d c3 90 55 48 89 e5 49 89 ca 48
0x0000000106b28766:   8b 47 60 48 0f be ce 4c 8b 9c c8 10 01 00 00 4d
0x0000000106b28776:   39 4b 28 76 04 31 c0 eb 07 4d 39 4b 40 0f 97 c0
0x0000000106b28786:   48 8b 4f 08 48 8b b9 d8 04 00 00 48 8d 0d 01 5a
0x0000000106b28796:   66 00 80 39 00 74 16 8b 52 08 4c 8d 0d b9 22 64
0x0000000106b287a6:   00 41 8a 49 08 48 d3 e2 49 03 11 eb 04 48 8b 52
0x0000000106b287b6:   08 84 c0 74 1f 31 c0 40 80 fe 02 0f 94 c0 4d 8b
0x0000000106b287c6:   4b 20 48 89 d6 4c 89 d2 44 89 c1 41 89 c0 5d e9
0x0000000106b287d6:   44 ba 01 00 31 c0 40 80 fe 02 0f 94 c0 48 89 d6
0x0000000106b287e6:   4c 89 d2 44 89 c1 41 89 c0 5d e9 33 ba 01 00 90
0x0000000106b287f6:   55 48 89 e5 41 57 41 56 41 55 41 54 53 48 83 ec
0x0000000106b28806:   48 49 89 cd 49 89 d4 41 89 f7 48 89 fb 48 8d 05
0x0000000106b28816:   7f 59 66 00 8a 10 84 d2 74 17 41 8b 7c 24 08 48
0x0000000106b28826:   8d 05 34 22 64 00 8a 48 08 48 d3 e7 48 03 38 eb
0x0000000106b28836:   05 49 8b 7c 24 08 8b 47 08 85 c0 7e 09 a8 01 75
0x0000000106b28846:   09 c1 e8 03 eb 45 85 c0 78 0e 48 8b 07 4c 89 e6
0x0000000106b28856:   ff 90 10 01 00 00 eb 33 31 c9 84 d2 0f 94 c1 49
0x0000000106b28866:   63 54 8c 0c 89 c1 48 d3 e2 c1 e8 10 0f b6 c8 48
0x0000000106b28876:   01 d1 48 8d 05 f5 3d 62 00 48 63 00 48 8d 4c 08
0x0000000106b28886:   ff 48 f7 d8 48 21 c8 48 c1 e8 03 48 8b 53 08 8a
0x0000000106b28896:   8a c0 02 00 00 4c 89 e6 48 d3 ee 48 8b 8a b0 02
0x0000000106b288a6:   00 00 48 8b 0c f1 48 63 91 40 01 00 00 45 31 c0
0x0000000106b288b6:   41 80 ff 01 48 89 55 a0 75 2d 4d 89 e8 41 f6 c5
0x0000000106b288c6:   01 75 0a 4c 89 e9 48 83 e1 fd 4c 8b 01 41 c1 e8
0x0000000106b288d6:   03 41 83 e0 0f 44 3b 83 6c 01 00 00 73 09 c6 45
0x0000000106b288e6:   d0 01 41 b6 01 eb 35 49 0f be cf 44 8a b4 0b 68
0x0000000106b288f6:   01 00 00 44 88 75 d0 41 80 fe 02 75 1f 80 bb c8
0x0000000106b28906:   01 00 00 00 74 16 48 89 df 4c 89 e6 4c 89 ea e8
0x0000000106b28916:   e8 03 00 00 49 89 c5 e9 aa 03 00 00 4c 89 6d b8
0x0000000106b28926:   44 89 7d b4 48 98 48 89 45 c8 48 89 5d 98 48 8b
0x0000000106b28936:   43 60 49 0f be ce 48 8b 9c c8 10 01 00 00 4c 8b
0x0000000106b28946:   6b 30 80 f9 01 0f 85 82 00 00 00 8b b0 28 01 00 


Stack slot to memory mapping:
stack at sp + 0 slots: 0x00000007816159dd is pointing into object: java.lang.ref.SoftReference 
{0x00000007816159d0} - klass: 'java/lang/ref/SoftReference'
stack at sp + 1 slots: 0x00007fd630b2b0d0 points into unknown readable memory: 0x0000000107127930 | 30 79 12 07 01 00 00 00
stack at sp + 2 slots: 0x0000000000000048 is an unknown value
stack at sp + 3 slots: 0x00000008000060b0 is pointing into metadata
stack at sp + 4 slots: 0x000000010e6fccd0 is an unknown value
stack at sp + 5 slots: 0x0000000000000005 is an unknown value
stack at sp + 6 slots: 0x000000000000000d is an unknown value
stack at sp + 7 slots: 0x0000000000000003 is an unknown value


---------------  P R O C E S S  ---------------

Threads class SMR info:
_java_thread_list=0x00007fd633c23b20, length=43, elements={
0x00007fd62f809000, 0x00007fd62d817000, 0x00007fd62d00d000, 0x00007fd62d018800,
0x00007fd62d031800, 0x00007fd62d032800, 0x00007fd62d033800, 0x00007fd63100e000,
0x00007fd62e0b8000, 0x00007fd62dcc1800, 0x00007fd62dcd0800, 0x00007fd62f0b2800,
0x00007fd62db00000, 0x00007fd62d049800, 0x00007fd6330a0000, 0x00007fd62dcdb000,
0x00007fd63180d000, 0x00007fd62d68d000, 0x00007fd62f574800, 0x00007fd62d809800,
0x00007fd62f5ad000, 0x00007fd62dfff000, 0x00007fd634162800, 0x00007fd634a1c000,
0x00007fd634885800, 0x00007fd6341f0000, 0x00007fd634166000, 0x00007fd63347b800,
0x00007fd634897000, 0x00007fd63347e000, 0x00007fd63488f000, 0x00007fd634afd000,
0x00007fd62f589800, 0x00007fd63420b800, 0x00007fd633550800, 0x00007fd633551800,
0x00007fd633552800, 0x00007fd633554000, 0x00007fd633555000, 0x00007fd63355a800,
0x00007fd63355b800, 0x00007fd63428d800, 0x00007fd634299800
}

Java Threads: ( => current thread )
  0x00007fd62f809000 JavaThread "main" [_thread_blocked, id=5891, stack(0x000070000c497000,0x000070000c597000)]
  0x00007fd62d817000 JavaThread "Reference Handler" daemon [_thread_blocked, id=13315, stack(0x000070000cbac000,0x000070000ccac000)]
  0x00007fd62d00d000 JavaThread "Finalizer" daemon [_thread_blocked, id=17667, stack(0x000070000ccaf000,0x000070000cdaf000)]
  0x00007fd62d018800 JavaThread "Signal Dispatcher" daemon [_thread_blocked, id=16131, stack(0x000070000ceb8000,0x000070000cfb8000)]
  0x00007fd62d031800 JavaThread "Service Thread" daemon [_thread_blocked, id=43267, stack(0x000070000cfbb000,0x000070000d0bb000)]
  0x00007fd62d032800 JavaThread "C2 CompilerThread0" daemon [_thread_blocked, id=43011, stack(0x000070000d0be000,0x000070000d1be000)]
  0x00007fd62d033800 JavaThread "C1 CompilerThread0" daemon [_thread_blocked, id=42243, stack(0x000070000d1c1000,0x000070000d2c1000)]
  0x00007fd63100e000 JavaThread "Sweeper thread" daemon [_thread_blocked, id=22787, stack(0x000070000d2c4000,0x000070000d3c4000)]
  0x00007fd62e0b8000 JavaThread "Common-Cleaner" daemon [_thread_blocked, id=41475, stack(0x000070000d3c7000,0x000070000d4c7000)]
  0x00007fd62dcc1800 JavaThread "Daemon health stats" [_thread_blocked, id=24323, stack(0x000070000d7d3000,0x000070000d8d3000)]
  0x00007fd62dcd0800 JavaThread "Incoming local TCP Connector on port 58495" [_thread_in_native, id=24835, stack(0x000070000d8d6000,0x000070000d9d6000)]
  0x00007fd62f0b2800 JavaThread "Daemon periodic checks" [_thread_blocked, id=39939, stack(0x000070000d9d9000,0x000070000dad9000)]
  0x00007fd62db00000 JavaThread "Daemon" [_thread_blocked, id=25859, stack(0x000070000dadc000,0x000070000dbdc000)]
  0x00007fd62d049800 JavaThread "Handler for socket connection from /127.0.0.1:58495 to /127.0.0.1:58496" [_thread_in_native, id=38915, stack(0x000070000dbdf000,0x000070000dcdf000)]
  0x00007fd6330a0000 JavaThread "Cancel handler" [_thread_blocked, id=26371, stack(0x000070000dce2000,0x000070000dde2000)]
  0x00007fd62dcdb000 JavaThread "Daemon worker" [_thread_blocked, id=37891, stack(0x000070000dde5000,0x000070000dee5000)]
  0x00007fd63180d000 JavaThread "Asynchronous log dispatcher for DefaultDaemonConnection: socket connection from /127.0.0.1:58495 to /127.0.0.1:58496" [_thread_blocked, id=37123, stack(0x000070000dee8000,0x000070000dfe8000)]
  0x00007fd62d68d000 JavaThread "Stdin handler" [_thread_blocked, id=36867, stack(0x000070000dfeb000,0x000070000e0eb000)]
  0x00007fd62f574800 JavaThread "Daemon client event forwarder" [_thread_blocked, id=36611, stack(0x000070000e0ee000,0x000070000e1ee000)]
  0x00007fd62d809800 JavaThread "Cache worker for file hash cache (/Users/sandovaldevia/.gradle/caches/7.0.2/fileHashes)" [_thread_blocked, id=29187, stack(0x000070000e700000,0x000070000e800000)]
  0x00007fd62f5ad000 JavaThread "File lock request listener" [_thread_in_native, id=34563, stack(0x000070000e803000,0x000070000e903000)]
  0x00007fd62dfff000 JavaThread "Cache worker for journal cache (/Users/sandovaldevia/.gradle/caches/journal-1)" [_thread_blocked, id=30467, stack(0x000070000ea09000,0x000070000eb09000)]
  0x00007fd634162800 JavaThread "Cache worker for file hash cache (/Users/sandovaldevia/Documents/sandoval/AndroidStudioProjects/BestWorldRecipes/.gradle/7.0.2/fileHashes)" [_thread_blocked, id=31235, stack(0x000070000eb0c000,0x000070000ec0c000)]
  0x00007fd634a1c000 JavaThread "File watcher server" daemon [_thread_in_native, id=34051, stack(0x000070000ec0f000,0x000070000ed0f000)]
  0x00007fd634885800 JavaThread "File watcher consumer" daemon [_thread_blocked, id=33027, stack(0x000070000ed12000,0x000070000ee12000)]
  0x00007fd6341f0000 JavaThread "Cache worker for checksums cache (/Users/sandovaldevia/Documents/sandoval/AndroidStudioProjects/BestWorldRecipes/.gradle/checksums)" [_thread_blocked, id=43779, stack(0x000070000ee15000,0x000070000ef15000)]
  0x00007fd634166000 JavaThread "Cache worker for cache directory md-supplier (/Users/sandovaldevia/.gradle/caches/7.0.2/md-supplier)" [_thread_blocked, id=86531, stack(0x000070000ef18000,0x000070000f018000)]
  0x00007fd63347b800 JavaThread "Cache worker for cache directory md-rule (/Users/sandovaldevia/.gradle/caches/7.0.2/md-rule)" [_thread_blocked, id=44547, stack(0x000070000f01b000,0x000070000f11b000)]
  0x00007fd634897000 JavaThread "Cache worker for execution history cache (/Users/sandovaldevia/.gradle/caches/7.0.2/executionHistory)" [_thread_blocked, id=45059, stack(0x000070000f11e000,0x000070000f21e000)]
  0x00007fd63347e000 JavaThread "jar transforms" [_thread_blocked, id=85507, stack(0x000070000f221000,0x000070000f321000)]
  0x00007fd63488f000 JavaThread "jar transforms Thread 2" [_thread_blocked, id=45827, stack(0x000070000f324000,0x000070000f424000)]
  0x00007fd634afd000 JavaThread "Cache worker for file content cache (/Users/sandovaldevia/.gradle/caches/7.0.2/fileContent)" [_thread_blocked, id=46339, stack(0x000070000f427000,0x000070000f527000)]
  0x00007fd62f589800 JavaThread "Cache worker for dependencies-accessors (/Users/sandovaldevia/Documents/sandoval/AndroidStudioProjects/BestWorldRecipes/.gradle/7.0.2/dependencies-accessors)" [_thread_blocked, id=84995, stack(0x000070000f52a000,0x000070000f62a000)]
  0x00007fd63420b800 JavaThread "jar transforms Thread 3" [_thread_blocked, id=47619, stack(0x000070000f62d000,0x000070000f72d000)]
  0x00007fd633550800 JavaThread "Cache worker for Build Output Cleanup Cache (/Users/sandovaldevia/Documents/sandoval/AndroidStudioProjects/BestWorldRecipes/.gradle/buildOutputCleanup)" [_thread_blocked, id=48131, stack(0x000070000f730000,0x000070000f830000)]
  0x00007fd633551800 JavaThread "Build operations" [_thread_blocked, id=84483, stack(0x000070000f833000,0x000070000f933000)]
  0x00007fd633552800 JavaThread "Build operations Thread 2" [_thread_blocked, id=83715, stack(0x000070000f936000,0x000070000fa36000)]
  0x00007fd633554000 JavaThread "Build operations Thread 3" [_thread_blocked, id=83203, stack(0x000070000fa39000,0x000070000fb39000)]
  0x00007fd633555000 JavaThread "Build operations Thread 4" [_thread_blocked, id=82691, stack(0x000070000fb3c000,0x000070000fc3c000)]
  0x00007fd63355a800 JavaThread "Build operations Thread 5" [_thread_blocked, id=82179, stack(0x000070000fc3f000,0x000070000fd3f000)]
  0x00007fd63355b800 JavaThread "Build operations Thread 6" [_thread_blocked, id=50179, stack(0x000070000fd42000,0x000070000fe42000)]
  0x00007fd63428d800 JavaThread "Build operations Thread 7" [_thread_blocked, id=81923, stack(0x000070000fe45000,0x000070000ff45000)]
  0x00007fd634299800 JavaThread "Build operations Thread 8" [_thread_blocked, id=51459, stack(0x000070000ff48000,0x0000700010048000)]

Other Threads:
  0x00007fd62f03b000 VMThread "VM Thread" [stack: 0x000070000caa9000,0x000070000cba9000] [id=12803]
  0x00007fd62d034800 WatcherThread [stack: 0x000070000d4ca000,0x000070000d5ca000] [id=41219]
  0x00007fd62f00f000 GCTaskThread "GC Thread#0" [stack: 0x000070000c59a000,0x000070000c69a000] [id=20739]
  0x00007fd62d055000 GCTaskThread "GC Thread#1" [stack: 0x000070000d5cd000,0x000070000d6cd000] [id=23555]
  0x00007fd62d265000 GCTaskThread "GC Thread#2" [stack: 0x000070000d6d0000,0x000070000d7d0000] [id=40707]
  0x00007fd6330a1000 GCTaskThread "GC Thread#3" [stack: 0x000070000e1f1000,0x000070000e2f1000] [id=27651]
  0x00007fd62f048000 GCTaskThread "GC Thread#4" [stack: 0x000070000e2f4000,0x000070000e3f4000] [id=27907]
  0x00007fd62f594800 GCTaskThread "GC Thread#5" [stack: 0x000070000e3f7000,0x000070000e4f7000] [id=35843]
  0x00007fd62daf4800 GCTaskThread "GC Thread#6" [stack: 0x000070000e4fa000,0x000070000e5fa000] [id=28675]
=>0x00007fd62dcf2000 GCTaskThread "GC Thread#7" [stack: 0x000070000e5fd000,0x000070000e6fd000] [id=35331]
  0x00007fd62e032000 ConcurrentGCThread "G1 Main Marker" [stack: 0x000070000c69d000,0x000070000c79d000] [id=20227]
  0x00007fd62e033000 ConcurrentGCThread "G1 Conc#0" [stack: 0x000070000c7a0000,0x000070000c8a0000] [id=11523]
  0x00007fd62e73a000 ConcurrentGCThread "G1 Conc#1" [stack: 0x000070000e906000,0x000070000ea06000] [id=29955]
  0x00007fd62e093800 ConcurrentGCThread "G1 Refine#0" [stack: 0x000070000c8a3000,0x000070000c9a3000] [id=19203]
  0x00007fd62f010000 ConcurrentGCThread "G1 Young RemSet Sampling" [stack: 0x000070000c9a6000,0x000070000caa6000] [id=18947]

Threads with active compile tasks:
C2 CompilerThread0   3725 3322       4       java.net.URLClassLoader$1::run (5 bytes)
C1 CompilerThread0   3725 4377       1       com.google.common.cache.CacheBuilder$OneWeigher::weigh (2 bytes)

VM state:at safepoint (normal execution)

VM Mutex/Monitor currently owned by a thread:  ([mutex/lock_event])
[0x00007fd62cd079f0] Threads_lock - owner thread: 0x00007fd62f03b000
[0x00007fd62cd080f0] Heap_lock - owner thread: 0x00007fd62dfff000

Heap address: 0x0000000780000000, size: 2048 MB, Compressed Oops mode: Zero based, Oop shift amount: 3
Narrow klass base: 0x0000000800000000, Narrow klass shift: 0
Compressed class space size: 1073741824 Address: 0x0000000800000000

Heap:
 garbage-first heap   total 157696K, used 111839K [0x0000000780000000, 0x0000000800000000)
  region size 1024K, 90 young (92160K), 9 survivors (9216K)
 Metaspace       used 46483K, capacity 47742K, committed 48000K, reserved 1091584K
  class space    used 5965K, capacity 6408K, committed 6528K, reserved 1048576K
Heap Regions: E=young(eden), S=young(survivor), O=old, HS=humongous(starts), HC=humongous(continues), CS=collection set, F=free, A=archive, TAMS=top-at-mark-start (previous, next)
|   0|0x0000000780000000, 0x0000000780100000, 0x0000000780100000|100%| O|  |TAMS 0x0000000780100000, 0x0000000780000000| Untracked 
|   1|0x0000000780100000, 0x0000000780200000, 0x0000000780200000|100%| O|  |TAMS 0x0000000780200000, 0x0000000780100000| Untracked 
|   2|0x0000000780200000, 0x0000000780300000, 0x0000000780300000|100%| O|  |TAMS 0x0000000780300000, 0x0000000780200000| Untracked 
|   3|0x0000000780300000, 0x0000000780400000, 0x0000000780400000|100%|HS|  |TAMS 0x0000000780400000, 0x0000000780300000| Complete 
|   4|0x0000000780400000, 0x0000000780500000, 0x0000000780500000|100%|HC|  |TAMS 0x0000000780500000, 0x0000000780400000| Complete 
|   5|0x0000000780500000, 0x0000000780600000, 0x0000000780600000|100%|HC|  |TAMS 0x0000000780600000, 0x0000000780500000| Complete 
|   6|0x0000000780600000, 0x0000000780700000, 0x0000000780700000|100%| O|  |TAMS 0x0000000780700000, 0x0000000780600000| Untracked 
|   7|0x0000000780700000, 0x0000000780800000, 0x0000000780800000|100%| O|  |TAMS 0x0000000780800000, 0x0000000780700000| Untracked 
|   8|0x0000000780800000, 0x0000000780900000, 0x0000000780900000|100%| O|  |TAMS 0x0000000780900000, 0x0000000780800000| Untracked 
|   9|0x0000000780900000, 0x0000000780a00000, 0x0000000780a00000|100%| O|  |TAMS 0x0000000780a00000, 0x0000000780900000| Untracked 
|  10|0x0000000780a00000, 0x0000000780b00000, 0x0000000780b00000|100%| O|  |TAMS 0x0000000780b00000, 0x0000000780a00000| Untracked 
|  11|0x0000000780b00000, 0x0000000780c00000, 0x0000000780c00000|100%| O|  |TAMS 0x0000000780c00000, 0x0000000780b00000| Untracked 
|  12|0x0000000780c00000, 0x0000000780d00000, 0x0000000780d00000|100%| O|  |TAMS 0x0000000780d00000, 0x0000000780c00000| Untracked 
|  13|0x0000000780d00000, 0x0000000780e00000, 0x0000000780e00000|100%| O|  |TAMS 0x0000000780e00000, 0x0000000780d00000| Untracked 
|  14|0x0000000780e00000, 0x0000000780f00000, 0x0000000780f00000|100%| O|  |TAMS 0x0000000780f00000, 0x0000000780e00000| Untracked 
|  15|0x0000000780f00000, 0x0000000781000000, 0x0000000781000000|100%| O|  |TAMS 0x0000000780fca000, 0x0000000780f00000| Untracked 
|  16|0x0000000781000000, 0x0000000781100000, 0x0000000781100000|100%|HS|  |TAMS 0x0000000781000000, 0x0000000781000000| Complete 
|  17|0x0000000781100000, 0x0000000781200000, 0x0000000781200000|100%| O|  |TAMS 0x0000000781100000, 0x0000000781100000| Untracked 
|  18|0x0000000781200000, 0x0000000781300000, 0x0000000781300000|100%| O|  |TAMS 0x0000000781200000, 0x0000000781200000| Untracked 
|  19|0x0000000781300000, 0x0000000781400000, 0x0000000781400000|100%| O|  |TAMS 0x0000000781300000, 0x0000000781300000| Untracked 
|  20|0x0000000781400000, 0x0000000781500000, 0x0000000781500000|100%| O|  |TAMS 0x0000000781400000, 0x0000000781400000| Untracked 
|  21|0x0000000781500000, 0x0000000781600000, 0x0000000781600000|100%| O|  |TAMS 0x0000000781500000, 0x0000000781500000| Untracked 
|  22|0x0000000781600000, 0x00000007816a9548, 0x0000000781700000| 66%| O|  |TAMS 0x0000000781600000, 0x0000000781600000| Untracked 
|  23|0x0000000781700000, 0x0000000781700000, 0x0000000781800000|  0%| F|  |TAMS 0x0000000781700000, 0x0000000781700000| Untracked 
|  24|0x0000000781800000, 0x0000000781800000, 0x0000000781900000|  0%| F|  |TAMS 0x0000000781800000, 0x0000000781800000| Untracked 
|  25|0x0000000781900000, 0x0000000781900000, 0x0000000781a00000|  0%| F|  |TAMS 0x0000000781900000, 0x0000000781900000| Untracked 
|  26|0x0000000781a00000, 0x0000000781a00000, 0x0000000781b00000|  0%| F|  |TAMS 0x0000000781a00000, 0x0000000781a00000| Untracked 
|  27|0x0000000781b00000, 0x0000000781b00000, 0x0000000781c00000|  0%| F|  |TAMS 0x0000000781b00000, 0x0000000781b00000| Untracked 
|  28|0x0000000781c00000, 0x0000000781c00000, 0x0000000781d00000|  0%| F|  |TAMS 0x0000000781c00000, 0x0000000781c00000| Untracked 
|  29|0x0000000781d00000, 0x0000000781d00000, 0x0000000781e00000|  0%| F|  |TAMS 0x0000000781d00000, 0x0000000781d00000| Untracked 
|  30|0x0000000781e00000, 0x0000000781e00000, 0x0000000781f00000|  0%| F|  |TAMS 0x0000000781e00000, 0x0000000781e00000| Untracked 
|  31|0x0000000781f00000, 0x0000000781f00000, 0x0000000782000000|  0%| F|  |TAMS 0x0000000781f00000, 0x0000000781f00000| Untracked 
|  32|0x0000000782000000, 0x0000000782000000, 0x0000000782100000|  0%| F|  |TAMS 0x0000000782000000, 0x0000000782000000| Untracked 
|  33|0x0000000782100000, 0x0000000782100000, 0x0000000782200000|  0%| F|  |TAMS 0x0000000782100000, 0x0000000782100000| Untracked 
|  34|0x0000000782200000, 0x0000000782200000, 0x0000000782300000|  0%| F|  |TAMS 0x0000000782200000, 0x0000000782200000| Untracked 
|  35|0x0000000782300000, 0x0000000782300000, 0x0000000782400000|  0%| F|  |TAMS 0x0000000782300000, 0x0000000782300000| Untracked 
|  36|0x0000000782400000, 0x0000000782400000, 0x0000000782500000|  0%| F|  |TAMS 0x0000000782400000, 0x0000000782400000| Untracked 
|  37|0x0000000782500000, 0x0000000782500000, 0x0000000782600000|  0%| F|  |TAMS 0x0000000782500000, 0x0000000782500000| Untracked 
|  38|0x0000000782600000, 0x0000000782600000, 0x0000000782700000|  0%| F|  |TAMS 0x0000000782600000, 0x0000000782600000| Untracked 
|  39|0x0000000782700000, 0x0000000782700000, 0x0000000782800000|  0%| F|  |TAMS 0x0000000782700000, 0x0000000782700000| Untracked 
|  40|0x0000000782800000, 0x0000000782800000, 0x0000000782900000|  0%| F|  |TAMS 0x0000000782800000, 0x0000000782800000| Untracked 
|  41|0x0000000782900000, 0x0000000782900000, 0x0000000782a00000|  0%| F|  |TAMS 0x0000000782900000, 0x0000000782900000| Untracked 
|  42|0x0000000782a00000, 0x0000000782a00000, 0x0000000782b00000|  0%| F|  |TAMS 0x0000000782a00000, 0x0000000782a00000| Untracked 
|  43|0x0000000782b00000, 0x0000000782b74c88, 0x0000000782c00000| 45%| E|CS|TAMS 0x0000000782b00000, 0x0000000782b00000| Complete 
|  44|0x0000000782c00000, 0x0000000782d00000, 0x0000000782d00000|100%| E|CS|TAMS 0x0000000782c00000, 0x0000000782c00000| Complete 
|  45|0x0000000782d00000, 0x0000000782e00000, 0x0000000782e00000|100%| E|CS|TAMS 0x0000000782d00000, 0x0000000782d00000| Complete 
|  46|0x0000000782e00000, 0x0000000782f00000, 0x0000000782f00000|100%| E|CS|TAMS 0x0000000782e00000, 0x0000000782e00000| Complete 
|  47|0x0000000782f00000, 0x0000000783000000, 0x0000000783000000|100%| E|CS|TAMS 0x0000000782f00000, 0x0000000782f00000| Complete 
|  48|0x0000000783000000, 0x0000000783100000, 0x0000000783100000|100%| E|CS|TAMS 0x0000000783000000, 0x0000000783000000| Complete 
|  49|0x0000000783100000, 0x0000000783200000, 0x0000000783200000|100%| E|CS|TAMS 0x0000000783100000, 0x0000000783100000| Complete 
|  50|0x0000000783200000, 0x0000000783300000, 0x0000000783300000|100%| E|CS|TAMS 0x0000000783200000, 0x0000000783200000| Complete 
|  51|0x0000000783300000, 0x0000000783400000, 0x0000000783400000|100%| E|CS|TAMS 0x0000000783300000, 0x0000000783300000| Complete 
|  52|0x0000000783400000, 0x0000000783400000, 0x0000000783500000|  0%| F|  |TAMS 0x0000000783400000, 0x0000000783400000| Untracked 
|  53|0x0000000783500000, 0x0000000783500000, 0x0000000783600000|  0%| F|  |TAMS 0x0000000783500000, 0x0000000783500000| Untracked 
|  54|0x0000000783600000, 0x0000000783600000, 0x0000000783700000|  0%| F|  |TAMS 0x0000000783600000, 0x0000000783600000| Untracked 
|  55|0x0000000783700000, 0x0000000783700000, 0x0000000783800000|  0%| F|  |TAMS 0x0000000783700000, 0x0000000783700000| Untracked 
|  56|0x0000000783800000, 0x0000000783800000, 0x0000000783900000|  0%| F|  |TAMS 0x0000000783800000, 0x0000000783800000| Untracked 
|  57|0x0000000783900000, 0x0000000783900000, 0x0000000783a00000|  0%| F|  |TAMS 0x0000000783900000, 0x0000000783900000| Untracked 
|  58|0x0000000783a00000, 0x0000000783a00000, 0x0000000783b00000|  0%| F|  |TAMS 0x0000000783a00000, 0x0000000783a00000| Untracked 
|  59|0x0000000783b00000, 0x0000000783b00000, 0x0000000783c00000|  0%| F|  |TAMS 0x0000000783b00000, 0x0000000783b00000| Untracked 
|  60|0x0000000783c00000, 0x0000000783c00000, 0x0000000783d00000|  0%| F|  |TAMS 0x0000000783c00000, 0x0000000783c00000| Untracked 
|  61|0x0000000783d00000, 0x0000000783d00000, 0x0000000783e00000|  0%| F|  |TAMS 0x0000000783d00000, 0x0000000783d00000| Untracked 
|  62|0x0000000783e00000, 0x0000000783e00000, 0x0000000783f00000|  0%| F|  |TAMS 0x0000000783e00000, 0x0000000783e00000| Untracked 
|  63|0x0000000783f00000, 0x0000000783f00000, 0x0000000784000000|  0%| F|  |TAMS 0x0000000783f00000, 0x0000000783f00000| Untracked 
|  64|0x0000000784000000, 0x0000000784077a30, 0x0000000784100000| 46%| S|  |TAMS 0x0000000784000000, 0x0000000784000000| Complete 
|  65|0x0000000784100000, 0x0000000784200000, 0x0000000784200000|100%| S|  |TAMS 0x0000000784100000, 0x0000000784100000| Complete 
|  66|0x0000000784200000, 0x0000000784300000, 0x0000000784300000|100%| S|  |TAMS 0x0000000784200000, 0x0000000784200000| Complete 
|  67|0x0000000784300000, 0x0000000784400000, 0x0000000784400000|100%| S|  |TAMS 0x0000000784300000, 0x0000000784300000| Complete 
|  68|0x0000000784400000, 0x0000000784500000, 0x0000000784500000|100%| S|  |TAMS 0x0000000784400000, 0x0000000784400000| Complete 
|  69|0x0000000784500000, 0x0000000784600000, 0x0000000784600000|100%| S|  |TAMS 0x0000000784500000, 0x0000000784500000| Complete 
|  70|0x0000000784600000, 0x0000000784700000, 0x0000000784700000|100%| S|  |TAMS 0x0000000784600000, 0x0000000784600000| Complete 
|  71|0x0000000784700000, 0x0000000784800000, 0x0000000784800000|100%| S|  |TAMS 0x0000000784700000, 0x0000000784700000| Complete 
|  72|0x0000000784800000, 0x0000000784900000, 0x0000000784900000|100%| S|  |TAMS 0x0000000784800000, 0x0000000784800000| Complete 
|  73|0x0000000784900000, 0x0000000784a00000, 0x0000000784a00000|100%| E|CS|TAMS 0x0000000784900000, 0x0000000784900000| Complete 
|  74|0x0000000784a00000, 0x0000000784b00000, 0x0000000784b00000|100%| E|CS|TAMS 0x0000000784a00000, 0x0000000784a00000| Complete 
|  75|0x0000000784b00000, 0x0000000784c00000, 0x0000000784c00000|100%| E|CS|TAMS 0x0000000784b00000, 0x0000000784b00000| Complete 
|  76|0x0000000784c00000, 0x0000000784d00000, 0x0000000784d00000|100%| E|CS|TAMS 0x0000000784c00000, 0x0000000784c00000| Complete 
|  77|0x0000000784d00000, 0x0000000784e00000, 0x0000000784e00000|100%| E|CS|TAMS 0x0000000784d00000, 0x0000000784d00000| Complete 
|  78|0x0000000784e00000, 0x0000000784f00000, 0x0000000784f00000|100%| E|CS|TAMS 0x0000000784e00000, 0x0000000784e00000| Complete 
|  79|0x0000000784f00000, 0x0000000785000000, 0x0000000785000000|100%| E|CS|TAMS 0x0000000784f00000, 0x0000000784f00000| Complete 
|  80|0x0000000785000000, 0x0000000785100000, 0x0000000785100000|100%| E|CS|TAMS 0x0000000785000000, 0x0000000785000000| Complete 
|  81|0x0000000785100000, 0x0000000785200000, 0x0000000785200000|100%| E|CS|TAMS 0x0000000785100000, 0x0000000785100000| Complete 
|  82|0x0000000785200000, 0x0000000785300000, 0x0000000785300000|100%| E|CS|TAMS 0x0000000785200000, 0x0000000785200000| Complete 
|  83|0x0000000785300000, 0x0000000785400000, 0x0000000785400000|100%| E|CS|TAMS 0x0000000785300000, 0x0000000785300000| Complete 
|  84|0x0000000785400000, 0x0000000785500000, 0x0000000785500000|100%| E|CS|TAMS 0x0000000785400000, 0x0000000785400000| Complete 
|  85|0x0000000785500000, 0x0000000785600000, 0x0000000785600000|100%| E|CS|TAMS 0x0000000785500000, 0x0000000785500000| Complete 
|  86|0x0000000785600000, 0x0000000785700000, 0x0000000785700000|100%| E|CS|TAMS 0x0000000785600000, 0x0000000785600000| Complete 
|  87|0x0000000785700000, 0x0000000785800000, 0x0000000785800000|100%| E|CS|TAMS 0x0000000785700000, 0x0000000785700000| Complete 
|  88|0x0000000785800000, 0x0000000785900000, 0x0000000785900000|100%| E|CS|TAMS 0x0000000785800000, 0x0000000785800000| Complete 
|  89|0x0000000785900000, 0x0000000785a00000, 0x0000000785a00000|100%| E|CS|TAMS 0x0000000785900000, 0x0000000785900000| Complete 
|  90|0x0000000785a00000, 0x0000000785b00000, 0x0000000785b00000|100%| E|CS|TAMS 0x0000000785a00000, 0x0000000785a00000| Complete 
|  91|0x0000000785b00000, 0x0000000785c00000, 0x0000000785c00000|100%| E|CS|TAMS 0x0000000785b00000, 0x0000000785b00000| Complete 
|  92|0x0000000785c00000, 0x0000000785d00000, 0x0000000785d00000|100%| E|CS|TAMS 0x0000000785c00000, 0x0000000785c00000| Complete 
|  93|0x0000000785d00000, 0x0000000785e00000, 0x0000000785e00000|100%| E|CS|TAMS 0x0000000785d00000, 0x0000000785d00000| Complete 
|  94|0x0000000785e00000, 0x0000000785f00000, 0x0000000785f00000|100%| E|CS|TAMS 0x0000000785e00000, 0x0000000785e00000| Complete 
|  95|0x0000000785f00000, 0x0000000786000000, 0x0000000786000000|100%| E|CS|TAMS 0x0000000785f00000, 0x0000000785f00000| Complete 
|  96|0x0000000786000000, 0x0000000786100000, 0x0000000786100000|100%| E|CS|TAMS 0x0000000786000000, 0x0000000786000000| Complete 
|  97|0x0000000786100000, 0x0000000786200000, 0x0000000786200000|100%| E|CS|TAMS 0x0000000786100000, 0x0000000786100000| Complete 
|  98|0x0000000786200000, 0x0000000786300000, 0x0000000786300000|100%| E|CS|TAMS 0x0000000786200000, 0x0000000786200000| Complete 
|  99|0x0000000786300000, 0x0000000786400000, 0x0000000786400000|100%| E|CS|TAMS 0x0000000786300000, 0x0000000786300000| Complete 
| 100|0x0000000786400000, 0x0000000786500000, 0x0000000786500000|100%| E|CS|TAMS 0x0000000786400000, 0x0000000786400000| Complete 
| 101|0x0000000786500000, 0x0000000786600000, 0x0000000786600000|100%| E|CS|TAMS 0x0000000786500000, 0x0000000786500000| Complete 
| 102|0x0000000786600000, 0x0000000786700000, 0x0000000786700000|100%| E|CS|TAMS 0x0000000786600000, 0x0000000786600000| Complete 
| 103|0x0000000786700000, 0x0000000786800000, 0x0000000786800000|100%| E|CS|TAMS 0x0000000786700000, 0x0000000786700000| Complete 
| 104|0x0000000786800000, 0x0000000786900000, 0x0000000786900000|100%| E|CS|TAMS 0x0000000786800000, 0x0000000786800000| Complete 
| 105|0x0000000786900000, 0x0000000786a00000, 0x0000000786a00000|100%| E|CS|TAMS 0x0000000786900000, 0x0000000786900000| Complete 
| 106|0x0000000786a00000, 0x0000000786b00000, 0x0000000786b00000|100%| E|CS|TAMS 0x0000000786a00000, 0x0000000786a00000| Complete 
| 107|0x0000000786b00000, 0x0000000786c00000, 0x0000000786c00000|100%| E|CS|TAMS 0x0000000786b00000, 0x0000000786b00000| Complete 
| 108|0x0000000786c00000, 0x0000000786d00000, 0x0000000786d00000|100%| E|CS|TAMS 0x0000000786c00000, 0x0000000786c00000| Complete 
| 109|0x0000000786d00000, 0x0000000786e00000, 0x0000000786e00000|100%| E|CS|TAMS 0x0000000786d00000, 0x0000000786d00000| Complete 
| 110|0x0000000786e00000, 0x0000000786f00000, 0x0000000786f00000|100%| E|CS|TAMS 0x0000000786e00000, 0x0000000786e00000| Complete 
| 111|0x0000000786f00000, 0x0000000787000000, 0x0000000787000000|100%| E|CS|TAMS 0x0000000786f00000, 0x0000000786f00000| Complete 
| 112|0x0000000787000000, 0x0000000787100000, 0x0000000787100000|100%| E|CS|TAMS 0x0000000787000000, 0x0000000787000000| Complete 
| 113|0x0000000787100000, 0x0000000787200000, 0x0000000787200000|100%| E|CS|TAMS 0x0000000787100000, 0x0000000787100000| Complete 
| 114|0x0000000787200000, 0x0000000787300000, 0x0000000787300000|100%| E|CS|TAMS 0x0000000787200000, 0x0000000787200000| Complete 
| 115|0x0000000787300000, 0x0000000787400000, 0x0000000787400000|100%| E|CS|TAMS 0x0000000787300000, 0x0000000787300000| Complete 
| 116|0x0000000787400000, 0x0000000787500000, 0x0000000787500000|100%| E|CS|TAMS 0x0000000787400000, 0x0000000787400000| Complete 
| 117|0x0000000787500000, 0x0000000787600000, 0x0000000787600000|100%| E|CS|TAMS 0x0000000787500000, 0x0000000787500000| Complete 
| 118|0x0000000787600000, 0x0000000787700000, 0x0000000787700000|100%| E|CS|TAMS 0x0000000787600000, 0x0000000787600000| Complete 
| 119|0x0000000787700000, 0x0000000787800000, 0x0000000787800000|100%| E|CS|TAMS 0x0000000787700000, 0x0000000787700000| Complete 
| 120|0x0000000787800000, 0x0000000787900000, 0x0000000787900000|100%| E|CS|TAMS 0x0000000787800000, 0x0000000787800000| Complete 
| 121|0x0000000787900000, 0x0000000787a00000, 0x0000000787a00000|100%| E|CS|TAMS 0x0000000787900000, 0x0000000787900000| Complete 
| 122|0x0000000787a00000, 0x0000000787b00000, 0x0000000787b00000|100%| E|CS|TAMS 0x0000000787a00000, 0x0000000787a00000| Complete 
| 123|0x0000000787b00000, 0x0000000787c00000, 0x0000000787c00000|100%| E|CS|TAMS 0x0000000787b00000, 0x0000000787b00000| Complete 
| 124|0x0000000787c00000, 0x0000000787d00000, 0x0000000787d00000|100%| E|CS|TAMS 0x0000000787c00000, 0x0000000787c00000| Complete 
| 125|0x0000000787d00000, 0x0000000787e00000, 0x0000000787e00000|100%| E|CS|TAMS 0x0000000787d00000, 0x0000000787d00000| Complete 
| 126|0x0000000787e00000, 0x0000000787f00000, 0x0000000787f00000|100%| E|CS|TAMS 0x0000000787e00000, 0x0000000787e00000| Complete 
| 127|0x0000000787f00000, 0x0000000788000000, 0x0000000788000000|100%| E|CS|TAMS 0x0000000787f00000, 0x0000000787f00000| Complete 
| 128|0x0000000788000000, 0x0000000788100000, 0x0000000788100000|100%| E|CS|TAMS 0x0000000788000000, 0x0000000788000000| Complete 
| 129|0x0000000788100000, 0x0000000788200000, 0x0000000788200000|100%| E|CS|TAMS 0x0000000788100000, 0x0000000788100000| Complete 
| 130|0x0000000788200000, 0x0000000788300000, 0x0000000788300000|100%| E|CS|TAMS 0x0000000788200000, 0x0000000788200000| Complete 
| 131|0x0000000788300000, 0x0000000788400000, 0x0000000788400000|100%| E|CS|TAMS 0x0000000788300000, 0x0000000788300000| Complete 
| 132|0x0000000788400000, 0x0000000788500000, 0x0000000788500000|100%| E|CS|TAMS 0x0000000788400000, 0x0000000788400000| Complete 
| 133|0x0000000788500000, 0x0000000788600000, 0x0000000788600000|100%| E|CS|TAMS 0x0000000788500000, 0x0000000788500000| Complete 
| 134|0x0000000788600000, 0x0000000788700000, 0x0000000788700000|100%| E|CS|TAMS 0x0000000788600000, 0x0000000788600000| Complete 
| 135|0x0000000788700000, 0x0000000788800000, 0x0000000788800000|100%| E|CS|TAMS 0x0000000788700000, 0x0000000788700000| Complete 
| 136|0x0000000788800000, 0x0000000788900000, 0x0000000788900000|100%| E|CS|TAMS 0x0000000788800000, 0x0000000788800000| Complete 
| 137|0x0000000788900000, 0x0000000788a00000, 0x0000000788a00000|100%| E|CS|TAMS 0x0000000788900000, 0x0000000788900000| Complete 
| 138|0x0000000788a00000, 0x0000000788b00000, 0x0000000788b00000|100%| E|CS|TAMS 0x0000000788a00000, 0x0000000788a00000| Complete 
| 139|0x0000000788b00000, 0x0000000788c00000, 0x0000000788c00000|100%| E|CS|TAMS 0x0000000788b00000, 0x0000000788b00000| Complete 
| 140|0x0000000788c00000, 0x0000000788d00000, 0x0000000788d00000|100%| E|CS|TAMS 0x0000000788c00000, 0x0000000788c00000| Complete 
| 141|0x0000000788d00000, 0x0000000788e00000, 0x0000000788e00000|100%| E|CS|TAMS 0x0000000788d00000, 0x0000000788d00000| Complete 
| 142|0x0000000788e00000, 0x0000000788f00000, 0x0000000788f00000|100%| E|CS|TAMS 0x0000000788e00000, 0x0000000788e00000| Complete 
| 143|0x0000000788f00000, 0x0000000789000000, 0x0000000789000000|100%| E|CS|TAMS 0x0000000788f00000, 0x0000000788f00000| Complete 
| 144|0x0000000789000000, 0x0000000789100000, 0x0000000789100000|100%| E|CS|TAMS 0x0000000789000000, 0x0000000789000000| Complete 
| 145|0x0000000789100000, 0x0000000789200000, 0x0000000789200000|100%| E|CS|TAMS 0x0000000789100000, 0x0000000789100000| Complete 
| 146|0x0000000789200000, 0x0000000789300000, 0x0000000789300000|100%| E|CS|TAMS 0x0000000789200000, 0x0000000789200000| Complete 
| 147|0x0000000789300000, 0x0000000789400000, 0x0000000789400000|100%| E|CS|TAMS 0x0000000789300000, 0x0000000789300000| Complete 
| 148|0x0000000789400000, 0x0000000789500000, 0x0000000789500000|100%| E|CS|TAMS 0x0000000789400000, 0x0000000789400000| Complete 
| 149|0x0000000789500000, 0x0000000789600000, 0x0000000789600000|100%| E|CS|TAMS 0x0000000789500000, 0x0000000789500000| Complete 
| 150|0x0000000789600000, 0x0000000789700000, 0x0000000789700000|100%| E|CS|TAMS 0x0000000789600000, 0x0000000789600000| Complete 
| 151|0x0000000789700000, 0x0000000789800000, 0x0000000789800000|100%| E|CS|TAMS 0x0000000789700000, 0x0000000789700000| Complete 
| 152|0x0000000789800000, 0x0000000789900000, 0x0000000789900000|100%| E|CS|TAMS 0x0000000789800000, 0x0000000789800000| Complete 
| 153|0x0000000789900000, 0x0000000789a00000, 0x0000000789a00000|100%| E|CS|TAMS 0x0000000789900000, 0x0000000789900000| Complete 

Card table byte_map: [0x000000010ba59000,0x000000010be59000] _byte_map_base: 0x0000000107e59000

Marking Bits (Prev, Next): (CMBitMap*) 0x00007fd62e029618, (CMBitMap*) 0x00007fd62e029650
 Prev Bits: [0x000000010c259000, 0x000000010e259000)
 Next Bits: [0x000000010e259000, 0x0000000110259000)

Polling page: 0x00000001027c4000

Metaspace:

Usage:
  Non-class:     40.37 MB capacity,    39.57 MB ( 98%) used,   692.89 KB (  2%) free+waste,   123.00 KB ( <1%) overhead. 
      Class:      6.26 MB capacity,     5.83 MB ( 93%) used,   384.02 KB (  6%) free+waste,    58.69 KB ( <1%) overhead. 
       Both:     46.62 MB capacity,    45.39 MB ( 97%) used,     1.05 MB (  2%) free+waste,   181.69 KB ( <1%) overhead. 

Virtual space:
  Non-class space:       42.00 MB reserved,      40.50 MB ( 96%) committed 
      Class space:        1.00 GB reserved,       6.38 MB ( <1%) committed 
             Both:        1.04 GB reserved,      46.88 MB (  4%) committed 

Chunk freelists:
   Non-Class:  26.00 KB
       Class:  0 bytes
        Both:  26.00 KB

MaxMetaspaceSize: unlimited
CompressedClassSpaceSize: 1.00 GB

CodeHeap 'non-profiled nmethods': size=120032Kb used=1432Kb max_used=1432Kb free=118599Kb
 bounds [0x0000000119cab000, 0x0000000119f1b000, 0x00000001211e3000]
CodeHeap 'profiled nmethods': size=120028Kb used=7383Kb max_used=7383Kb free=112644Kb
 bounds [0x0000000112774000, 0x0000000112eb4000, 0x0000000119cab000]
CodeHeap 'non-nmethods': size=5700Kb used=2203Kb max_used=2231Kb free=3497Kb
 bounds [0x00000001121e3000, 0x0000000112453000, 0x0000000112774000]
 total_blobs=5048 nmethods=4272 adapters=688
 compilation: enabled
              stopped_count=0, restarted_count=0
 full_count=0

Compilation events (20 events):
Event: 3.693 Thread 0x00007fd62d033800 nmethod 4367 0x0000000112ea6e90 code [0x0000000112ea70a0, 0x0000000112ea7a90]
Event: 3.693 Thread 0x00007fd62d033800 4368       1       org.gradle.internal.operations.DefaultBuildOperationListenerManager::access$000 (5 bytes)
Event: 3.693 Thread 0x00007fd62d033800 nmethod 4368 0x0000000119e10590 code [0x0000000119e10740, 0x0000000119e107d0]
Event: 3.693 Thread 0x00007fd62d033800 4369       2       java.security.MessageDigest$Delegate::engineDigest (8 bytes)
Event: 3.693 Thread 0x00007fd62d033800 nmethod 4369 0x0000000112ea7d90 code [0x0000000112ea7f40, 0x0000000112ea8060]
Event: 3.693 Thread 0x00007fd62d033800 4370   !   2       sun.security.provider.DigestBase::engineDigest (39 bytes)
Event: 3.693 Thread 0x00007fd62d033800 nmethod 4370 0x0000000112ea8110 code [0x0000000112ea8300, 0x0000000112ea8600]
Event: 3.693 Thread 0x00007fd62d033800 4371       2       sun.security.provider.DigestBase::engineDigest (112 bytes)
Event: 3.694 Thread 0x00007fd62d033800 nmethod 4371 0x0000000112ea8790 code [0x0000000112ea8a00, 0x0000000112ea9050]
Event: 3.694 Thread 0x00007fd62d033800 4376       2       com.google.common.cache.LocalCache$Segment::drainRecencyQueue (45 bytes)
Event: 3.694 Thread 0x00007fd62d033800 nmethod 4376 0x0000000112ea9410 code [0x0000000112ea9600, 0x0000000112ea98e0]
Event: 3.694 Thread 0x00007fd62d033800 4373       1       org.gradle.cache.internal.btree.BlockPayload::getBlock (5 bytes)
Event: 3.694 Thread 0x00007fd62d033800 nmethod 4373 0x0000000119e10890 code [0x0000000119e10a40, 0x0000000119e10af0]
Event: 3.694 Thread 0x00007fd62d033800 4372       1       org.gradle.internal.operations.BuildOperationState::getStartTime (5 bytes)
Event: 3.694 Thread 0x00007fd62d033800 nmethod 4372 0x0000000119e10b90 code [0x0000000119e10d40, 0x0000000119e10df0]
Event: 3.694 Thread 0x00007fd62d033800 4375       2       org.gradle.internal.component.local.model.ComponentFileArtifactIdentifier::hashCode (16 bytes)
Event: 3.694 Thread 0x00007fd62d033800 nmethod 4375 0x0000000112ea9a10 code [0x0000000112ea9be0, 0x0000000112ea9d30]
Event: 3.694 Thread 0x00007fd62d033800 4374       1       org.gradle.api.internal.artifacts.ivyservice.modulecache.artifacts.DefaultCachedArtifact::getCachedFile (5 bytes)
Event: 3.694 Thread 0x00007fd62d033800 nmethod 4374 0x0000000119e10e90 code [0x0000000119e11040, 0x0000000119e110f0]
Event: 3.694 Thread 0x00007fd62d033800 4377       1       com.google.common.cache.CacheBuilder$OneWeigher::weigh (2 bytes)

GC Heap History (13 events):
Event: 0.435 GC heap before
{Heap before GC invocations=0 (full 0):
 garbage-first heap   total 131072K, used 29696K [0x0000000780000000, 0x0000000800000000)
  region size 1024K, 24 young (24576K), 0 survivors (0K)
 Metaspace       used 10047K, capacity 10375K, committed 10624K, reserved 1058816K
  class space    used 1050K, capacity 1141K, committed 1152K, reserved 1048576K
}
Event: 0.439 GC heap after
{Heap after GC invocations=1 (full 0):
 garbage-first heap   total 131072K, used 9337K [0x0000000780000000, 0x0000000800000000)
  region size 1024K, 3 young (3072K), 3 survivors (3072K)
 Metaspace       used 10047K, capacity 10375K, committed 10624K, reserved 1058816K
  class space    used 1050K, capacity 1141K, committed 1152K, reserved 1048576K
}
Event: 1.117 GC heap before
{Heap before GC invocations=1 (full 0):
 garbage-first heap   total 131072K, used 84089K [0x0000000780000000, 0x0000000800000000)
  region size 1024K, 76 young (77824K), 3 survivors (3072K)
 Metaspace       used 17807K, capacity 18248K, committed 18432K, reserved 1064960K
  class space    used 2126K, capacity 2263K, committed 2304K, reserved 1048576K
}
Event: 1.124 GC heap after
{Heap after GC invocations=2 (full 0):
 garbage-first heap   total 131072K, used 15607K [0x0000000780000000, 0x0000000800000000)
  region size 1024K, 10 young (10240K), 10 survivors (10240K)
 Metaspace       used 17807K, capacity 18248K, committed 18432K, reserved 1064960K
  class space    used 2126K, capacity 2263K, committed 2304K, reserved 1048576K
}
Event: 1.336 GC heap before
{Heap before GC invocations=2 (full 0):
 garbage-first heap   total 131072K, used 37111K [0x0000000780000000, 0x0000000800000000)
  region size 1024K, 32 young (32768K), 10 survivors (10240K)
 Metaspace       used 20591K, capacity 21145K, committed 21248K, reserved 1067008K
  class space    used 2528K, capacity 2724K, committed 2816K, reserved 1048576K
}
Event: 1.341 GC heap after
{Heap after GC invocations=3 (full 0):
 garbage-first heap   total 131072K, used 17192K [0x0000000780000000, 0x0000000800000000)
  region size 1024K, 1 young (1024K), 1 survivors (1024K)
 Metaspace       used 20591K, capacity 21145K, committed 21248K, reserved 1067008K
  class space    used 2528K, capacity 2724K, committed 2816K, reserved 1048576K
}
Event: 2.001 GC heap before
{Heap before GC invocations=4 (full 0):
 garbage-first heap   total 131072K, used 90920K [0x0000000780000000, 0x0000000800000000)
  region size 1024K, 73 young (74752K), 1 survivors (1024K)
 Metaspace       used 27659K, capacity 28365K, committed 28544K, reserved 1073152K
  class space    used 3684K, capacity 3922K, committed 3968K, reserved 1048576K
}
Event: 2.004 GC heap after
{Heap after GC invocations=5 (full 0):
 garbage-first heap   total 131072K, used 19339K [0x0000000780000000, 0x0000000800000000)
  region size 1024K, 4 young (4096K), 4 survivors (4096K)
 Metaspace       used 27659K, capacity 28365K, committed 28544K, reserved 1073152K
  class space    used 3684K, capacity 3922K, committed 3968K, reserved 1048576K
}
Event: 2.426 GC heap before
{Heap before GC invocations=5 (full 0):
 garbage-first heap   total 131072K, used 52107K [0x0000000780000000, 0x0000000800000000)
  region size 1024K, 38 young (38912K), 4 survivors (4096K)
 Metaspace       used 34925K, capacity 35662K, committed 35840K, reserved 1081344K
  class space    used 4537K, capacity 4824K, committed 4864K, reserved 1048576K
}
Event: 2.431 GC heap after
{Heap after GC invocations=6 (full 0):
 garbage-first heap   total 131072K, used 22146K [0x0000000780000000, 0x0000000800000000)
  region size 1024K, 6 young (6144K), 6 survivors (6144K)
 Metaspace       used 34925K, capacity 35662K, committed 35840K, reserved 1081344K
  class space    used 4537K, capacity 4824K, committed 4864K, reserved 1048576K
}
Event: 2.935 GC heap before
{Heap before GC invocations=7 (full 0):
 garbage-first heap   total 131072K, used 95874K [0x0000000780000000, 0x0000000800000000)
  region size 1024K, 76 young (77824K), 6 survivors (6144K)
 Metaspace       used 39888K, capacity 40790K, committed 41088K, reserved 1085440K
  class space    used 5140K, capacity 5456K, committed 5504K, reserved 1048576K
}
Event: 2.944 GC heap after
{Heap after GC invocations=8 (full 0):
 garbage-first heap   total 157696K, used 27871K [0x0000000780000000, 0x0000000800000000)
  region size 1024K, 9 young (9216K), 9 survivors (9216K)
 Metaspace       used 39888K, capacity 40790K, committed 41088K, reserved 1085440K
  class space    used 5140K, capacity 5456K, committed 5504K, reserved 1048576K
}
Event: 3.694 GC heap before
{Heap before GC invocations=8 (full 0):
 garbage-first heap   total 157696K, used 110815K [0x0000000780000000, 0x0000000800000000)
  region size 1024K, 90 young (92160K), 9 survivors (9216K)
 Metaspace       used 46483K, capacity 47742K, committed 48000K, reserved 1091584K
  class space    used 5965K, capacity 6408K, committed 6528K, reserved 1048576K
}

Deoptimization events (20 events):
Event: 3.204 Thread 0x00007fd62dcdb000 DEOPT PACKING pc=0x0000000119cf0260 sp=0x000070000dede520
Event: 3.204 Thread 0x00007fd62dcdb000 DEOPT UNPACKING pc=0x0000000112209ba5 sp=0x000070000dede478 mode 2
Event: 3.204 Thread 0x00007fd62dcdb000 Uncommon trap: trap_request=0xffffff4d fr.pc=0x0000000119cc65ec relative=0x000000000000004c
Event: 3.204 Thread 0x00007fd62dcdb000 Uncommon trap: reason=unstable_if action=reinterpret pc=0x0000000119cc65ec method=java.net.URI.match(CJJ)Z @ 19 c2
Event: 3.204 Thread 0x00007fd62dcdb000 DEOPT PACKING pc=0x0000000119cc65ec sp=0x000070000dede530
Event: 3.204 Thread 0x00007fd62dcdb000 DEOPT UNPACKING pc=0x0000000112209ba5 sp=0x000070000dede500 mode 2
Event: 3.248 Thread 0x00007fd62dcdb000 DEOPT PACKING pc=0x0000000112d2172f sp=0x000070000dedc780
Event: 3.248 Thread 0x00007fd62dcdb000 DEOPT UNPACKING pc=0x00000001122099ba sp=0x000070000dedbc28 mode 0
Event: 3.675 Thread 0x00007fd634299800 Uncommon trap: trap_request=0xffffff4d fr.pc=0x0000000119d56598 relative=0x0000000000001158
Event: 3.675 Thread 0x00007fd634299800 Uncommon trap: reason=unstable_if action=reinterpret pc=0x0000000119d56598 method=java.util.concurrent.ConcurrentHashMap.putVal(Ljava/lang/Object;Ljava/lang/Object;Z)Ljava/lang/Object; @ 97 c2
Event: 3.675 Thread 0x00007fd634299800 DEOPT PACKING pc=0x0000000119d56598 sp=0x0000700010046a50
Event: 3.675 Thread 0x00007fd634299800 DEOPT UNPACKING pc=0x0000000112209ba5 sp=0x00007000100469e8 mode 2
Event: 3.683 Thread 0x00007fd633551800 Uncommon trap: trap_request=0xffffff4d fr.pc=0x0000000119d5d6d4 relative=0x0000000000000174
Event: 3.683 Thread 0x00007fd633551800 Uncommon trap: reason=unstable_if action=reinterpret pc=0x0000000119d5d6d4 method=java.util.concurrent.ConcurrentHashMap.addCount(JI)V @ 34 c2
Event: 3.683 Thread 0x00007fd633551800 DEOPT PACKING pc=0x0000000119d5d6d4 sp=0x000070000f931d70
Event: 3.683 Thread 0x00007fd633551800 DEOPT UNPACKING pc=0x0000000112209ba5 sp=0x000070000f931cd0 mode 2
Event: 3.690 Thread 0x00007fd633552800 DEOPT PACKING pc=0x0000000112822b81 sp=0x000070000fa33980
Event: 3.690 Thread 0x00007fd633552800 DEOPT UNPACKING pc=0x00000001122099ba sp=0x000070000fa32e18 mode 0
Event: 3.692 Thread 0x00007fd62dcdb000 DEOPT PACKING pc=0x00000001129a4c83 sp=0x000070000deddd00
Event: 3.692 Thread 0x00007fd62dcdb000 DEOPT UNPACKING pc=0x00000001122099ba sp=0x000070000dedd1c0 mode 0

Classes redefined (0 events):
No events

Internal exceptions (20 events):
Event: 3.117 Thread 0x00007fd62dcdb000 Exception <a 'java/lang/ClassNotFoundException'{0x0000000788746f18}: org/gradle/api/internal/project/ProjectScriptCustomizer> (0x0000000788746f18) thrown at [src/hotspot/share/classfile/systemDictionary.cpp, line 231]
Event: 3.118 Thread 0x00007fd62dcdb000 Exception <a 'java/lang/ClassNotFoundException'{0x0000000788762a68}: build_e82jcq1obcow0r0843vgffbcaCustomizer> (0x0000000788762a68) thrown at [src/hotspot/share/classfile/systemDictionary.cpp, line 231]
Event: 3.124 Thread 0x00007fd62dcdb000 Exception <a 'java/lang/ClassNotFoundException'{0x00000007887fa498}: org/gradle/api/internal/initialization/DefaultScriptHandlerBeanInfo> (0x00000007887fa498) thrown at [src/hotspot/share/classfile/systemDictionary.cpp, line 231]
Event: 3.124 Thread 0x00007fd62dcdb000 Exception <a 'java/lang/ClassNotFoundException'{0x0000000788626af0}: org/gradle/api/internal/initialization/DefaultScriptHandlerCustomizer> (0x0000000788626af0) thrown at [src/hotspot/share/classfile/systemDictionary.cpp, line 231]
Event: 3.187 Thread 0x00007fd62dcdb000 Exception <a 'java/lang/ClassNotFoundException'{0x0000000787e31748}: org/gradle/api/internal/artifacts/dsl/dependencies/DefaultDependencyHandler_DecoratedBeanInfo> (0x0000000787e31748) thrown at [src/hotspot/share/classfile/systemDictionary.cpp, line 231]
Event: 3.187 Thread 0x00007fd62dcdb000 Exception <a 'java/lang/ClassNotFoundException'{0x0000000787e74d08}: org/gradle/api/internal/artifacts/dsl/dependencies/DefaultDependencyHandlerBeanInfo> (0x0000000787e74d08) thrown at [src/hotspot/share/classfile/systemDictionary.cpp, line 231]
Event: 3.188 Thread 0x00007fd62dcdb000 Exception <a 'java/lang/ClassNotFoundException'{0x0000000787eb88d0}: org/gradle/api/internal/artifacts/dsl/dependencies/DefaultDependencyHandlerCustomizer> (0x0000000787eb88d0) thrown at [src/hotspot/share/classfile/systemDictionary.cpp, line 231]
Event: 3.189 Thread 0x00007fd62dcdb000 Exception <a 'java/lang/ClassNotFoundException'{0x0000000787d26048}: org/gradle/api/internal/artifacts/dsl/dependencies/DefaultDependencyHandler_DecoratedCustomizer> (0x0000000787d26048) thrown at [src/hotspot/share/classfile/systemDictionary.cpp, line 231]
Event: 3.198 Thread 0x00007fd62dcdb000 Exception <a 'java/lang/NoSuchMethodError'{0x0000000787c3ac50}: 'java.lang.Object java.lang.invoke.DirectMethodHandle$Holder.invokeStatic(java.lang.Object, java.lang.Object, int, java.lang.Object)'> (0x0000000787c3ac50) thrown at [src/hotspot/share/interpreter/linkResolver.cpp, line 773]
Event: 3.198 Thread 0x00007fd62dcdb000 Exception <a 'java/lang/NoSuchMethodError'{0x0000000787c41ee8}: 'java.lang.Object java.lang.invoke.Invokers$Holder.linkToTargetMethod(java.lang.Object, int, java.lang.Object, java.lang.Object)'> (0x0000000787c41ee8) thrown at [src/hotspot/share/interpreter/linkResolver.cpp, line 773]
Event: 3.321 Thread 0x00007fd62dcdb000 Exception <a 'java/lang/NoSuchMethodError'{0x0000000786a60da0}: 'java.lang.Object java.lang.invoke.DelegatingMethodHandle$Holder.reinvoke_L(java.lang.Object, java.lang.Object, java.lang.Object, java.lang.Object, java.lang.Object, java.lang.Object, java.lang.Object, java.lang.Object, java.lang.Object, java.lang.Object, java.lang.Object, java.lang.Object, java.lang.Object, java.lang.Object, java.lang.Object, java.lang.Object, java.lang.Object, java.lang.Object, java.lang.Object, java.lang.Object, java.lang.O
Event: 3.322 Thread 0x00007fd62dcdb000 Exception <a 'java/lang/NoSuchMethodError'{0x0000000786a6c7a8}: 'java.lang.Object java.lang.invoke.DirectMethodHandle$Holder.invokeSpecial(java.lang.Object, java.lang.Object, java.lang.Object, java.lang.Object, java.lang.Object, java.lang.Object, java.lang.Object, java.lang.Object, java.lang.Object, java.lang.Object, java.lang.Object, java.lang.Object, java.lang.Object, java.lang.Object, java.lang.Object, java.lang.Object, java.lang.Object, java.lang.Object, java.lang.Object, java.lang.Object, java.lang.Ob
Event: 3.322 Thread 0x00007fd62dcdb000 Exception <a 'java/lang/NoSuchMethodError'{0x0000000786a72998}: 'java.lang.Object java.lang.invoke.Invokers$Holder.invoker(java.lang.Object, java.lang.Object, java.lang.Object, java.lang.Object, java.lang.Object, java.lang.Object, java.lang.Object, java.lang.Object, java.lang.Object, java.lang.Object, java.lang.Object, java.lang.Object, java.lang.Object, java.lang.Object, java.lang.Object, java.lang.Object, java.lang.Object, java.lang.Object, java.lang.Object, java.lang.Object, java.lang.Object)'> (0x00000
Event: 3.322 Thread 0x00007fd62dcdb000 Exception <a 'java/lang/NoSuchMethodError'{0x0000000786a79d08}: 'java.lang.Object java.lang.invoke.DelegatingMethodHandle$Holder.delegate(java.lang.Object, java.lang.Object, java.lang.Object, java.lang.Object, java.lang.Object, java.lang.Object, java.lang.Object, java.lang.Object, java.lang.Object, java.lang.Object, java.lang.Object, java.lang.Object, java.lang.Object, java.lang.Object, java.lang.Object, java.lang.Object, java.lang.Object, java.lang.Object, java.lang.Object, java.lang.Object, java.lang.Obj
Event: 3.325 Thread 0x00007fd62dcdb000 Exception <a 'java/lang/NoSuchMethodError'{0x0000000786af67e8}: 'java.lang.Object java.lang.invoke.DirectMethodHandle$Holder.invokeStatic(java.lang.Object, java.lang.Object, java.lang.Object, java.lang.Object, java.lang.Object, java.lang.Object, java.lang.Object, java.lang.Object, java.lang.Object, java.lang.Object, java.lang.Object, java.lang.Object, java.lang.Object, java.lang.Object, java.lang.Object)'> (0x0000000786af67e8) thrown at [src/hotspot/share/interpreter/linkResolver.cpp, line 773]
Event: 3.325 Thread 0x00007fd62dcdb000 Exception <a 'java/lang/NoSuchMethodError'{0x0000000786907868}: 'java.lang.Object java.lang.invoke.DirectMethodHandle$Holder.invokeStatic(java.lang.Object, java.lang.Object, java.lang.Object, java.lang.Object, java.lang.Object, java.lang.Object, java.lang.Object, java.lang.Object, java.lang.Object, java.lang.Object, java.lang.Object, java.lang.Object, java.lang.Object, java.lang.Object, java.lang.Object, java.lang.Object)'> (0x0000000786907868) thrown at [src/hotspot/share/interpreter/linkResolver.cpp, lin
Event: 3.326 Thread 0x00007fd62dcdb000 Exception <a 'java/lang/NoSuchMethodError'{0x0000000786917db0}: 'java.lang.Object java.lang.invoke.DelegatingMethodHandle$Holder.reinvoke_L(java.lang.Object, java.lang.Object, java.lang.Object, java.lang.Object, java.lang.Object, java.lang.Object, java.lang.Object, java.lang.Object, java.lang.Object, java.lang.Object, java.lang.Object, java.lang.Object, java.lang.Object, java.lang.Object, java.lang.Object, java.lang.Object, java.lang.Object, java.lang.Object, java.lang.Object, java.lang.Object)'> (0x000000
Event: 3.349 Thread 0x00007fd62dcdb000 Exception <a 'java/lang/IncompatibleClassChangeError'{0x0000000786693bc8}: Found class java.lang.Object, but interface was expected> (0x0000000786693bc8) thrown at [src/hotspot/share/interpreter/linkResolver.cpp, line 839]
Event: 3.415 Thread 0x00007fd62dcdb000 Exception <a 'java/lang/NoSuchMethodError'{0x0000000785d54e10}: 'int java.lang.invoke.DirectMethodHandle$Holder.invokeStaticInit(java.lang.Object)'> (0x0000000785d54e10) thrown at [src/hotspot/share/interpreter/linkResolver.cpp, line 773]
Event: 3.642 Thread 0x00007fd62dcdb000 Exception <a 'java/lang/NoSuchMethodError'{0x0000000784f047d0}: 'void java.lang.invoke.DirectMethodHandle$Holder.invokeStatic(java.lang.Object, java.lang.Object, java.lang.Object, int, java.lang.Object)'> (0x0000000784f047d0) thrown at [src/hotspot/share/interpreter/linkResolver.cpp, line 773]

Events (20 events):
Event: 3.681 loading class org/gradle/internal/component/model/ModuleSources done
Event: 3.681 Executing VM operation: RevokeBias
Event: 3.681 loading class org/gradle/api/internal/artifacts/DefaultArtifactIdentifier
Event: 3.681 loading class org/gradle/api/internal/artifacts/DefaultArtifactIdentifier done
Event: 3.681 Executing VM operation: RevokeBias done
Event: 3.682 Executing VM operation: RevokeBias
Event: 3.682 loading class org/gradle/api/internal/artifacts/ivyservice/resolutionstrategy/DefaultCachePolicy$CachedArtifactResolutionControl
Event: 3.682 loading class org/gradle/api/internal/artifacts/ivyservice/resolutionstrategy/DefaultCachePolicy$CachedArtifactResolutionControl done
Event: 3.682 Executing coalesced safepoint VM operation: BulkRevokeBias
Event: 3.682 Executing coalesced safepoint VM operation: BulkRevokeBias done
Event: 3.682 Executing VM operation: RevokeBias done
Event: 3.683 loading class org/gradle/api/internal/artifacts/DownloadArtifactBuildOperationType
Event: 3.683 loading class org/gradle/api/internal/artifacts/DownloadArtifactBuildOperationType done
Event: 3.683 loading class org/gradle/api/internal/artifacts/DownloadArtifactBuildOperationType$Result
Event: 3.683 loading class org/gradle/api/internal/artifacts/DownloadArtifactBuildOperationType$Result done
Event: 3.683 loading class org/gradle/api/internal/artifacts/DownloadArtifactBuildOperationType$1
Event: 3.683 loading class org/gradle/api/internal/artifacts/DownloadArtifactBuildOperationType$1 done
Event: 3.683 loading class java/util/concurrent/ThreadLocalRandom
Event: 3.684 loading class java/util/concurrent/ThreadLocalRandom done
Event: 3.694 Executing VM operation: G1CollectForAllocation


Dynamic libraries:
0x00007fff34fc0000 	/System/Library/Frameworks/Cocoa.framework/Versions/A/Cocoa
0x00007fff2230a000 	/System/Library/Frameworks/Security.framework/Versions/A/Security
0x00007fff331c8000 	/System/Library/Frameworks/ApplicationServices.framework/Versions/A/ApplicationServices
0x00000001027c6000 	/Applications/Android Studio.app/Contents/jre/Contents/Home/lib/jli/libjli.dylib
0x00007fff2a654000 	/usr/lib/libSystem.B.dylib
0x00007fff22d3b000 	/System/Library/Frameworks/AppKit.framework/Versions/C/AppKit
0x00007fff25bff000 	/System/Library/Frameworks/CoreData.framework/Versions/A/CoreData
0x00007fff212a2000 	/System/Library/Frameworks/Foundation.framework/Versions/C/Foundation
0x00007fff23a87000 	/System/Library/PrivateFrameworks/UIFoundation.framework/Versions/A/UIFoundation
0x00007fff2fc82000 	/System/Library/PrivateFrameworks/RemoteViewServices.framework/Versions/A/RemoteViewServices
0x00007fff28a98000 	/System/Library/PrivateFrameworks/XCTTargetBootstrap.framework/Versions/A/XCTTargetBootstrap
0x00007fff2b77e000 	/usr/lib/libspindump.dylib
0x00007fff23cd6000 	/System/Library/Frameworks/UniformTypeIdentifiers.framework/Versions/A/UniformTypeIdentifiers
0x00007fff2729c000 	/usr/lib/libapp_launch_measurement.dylib
0x00007fff2729f000 	/System/Library/PrivateFrameworks/CoreAutoLayout.framework/Versions/A/CoreAutoLayout
0x00007fff283ff000 	/System/Library/Frameworks/Metal.framework/Versions/A/Metal
0x00007fff290f5000 	/usr/lib/liblangid.dylib
0x00007fff28a9c000 	/System/Library/PrivateFrameworks/CoreSVG.framework/Versions/A/CoreSVG
0x00007fff24d16000 	/System/Library/PrivateFrameworks/SkyLight.framework/Versions/A/SkyLight
0x00007fff2507c000 	/System/Library/Frameworks/CoreGraphics.framework/Versions/A/CoreGraphics
0x00007fff301a9000 	/System/Library/Frameworks/Accelerate.framework/Versions/A/Accelerate
0x00007fff2b1bc000 	/System/Library/PrivateFrameworks/IconServices.framework/Versions/A/IconServices
0x00007fff283e3000 	/System/Library/Frameworks/IOSurface.framework/Versions/A/IOSurface
0x00007fff26587000 	/usr/lib/libDiagnosticMessagesClient.dylib
0x00007fff2a58c000 	/usr/lib/libz.1.dylib
0x00007fff28a84000 	/System/Library/PrivateFrameworks/DFRFoundation.framework/Versions/A/DFRFoundation
0x00007fff22662000 	/usr/lib/libicucore.A.dylib
0x00007fff2ccc1000 	/System/Library/Frameworks/AudioToolbox.framework/Versions/A/AudioToolbox
0x00007fff2bf49000 	/System/Library/PrivateFrameworks/DataDetectorsCore.framework/Versions/A/DataDetectorsCore
0x00007fff24c89000 	/usr/lib/libMobileGestalt.dylib
0x00007fff28788000 	/System/Library/Frameworks/Carbon.framework/Versions/A/Frameworks/HIToolbox.framework/Versions/A/HIToolbox
0x00007fff26ce1000 	/System/Library/Frameworks/QuartzCore.framework/Versions/A/QuartzCore
0x00007fff2fcba000 	/System/Library/Frameworks/Carbon.framework/Versions/A/Frameworks/SpeechRecognition.framework/Versions/A/SpeechRecognition
0x00007fff27001000 	/System/Library/PrivateFrameworks/CoreUI.framework/Versions/A/CoreUI
0x00007fff21c78000 	/System/Library/Frameworks/CoreAudio.framework/Versions/A/CoreAudio
0x00007fff26672000 	/System/Library/Frameworks/DiskArbitration.framework/Versions/A/DiskArbitration
0x00007fff2bb4c000 	/System/Library/PrivateFrameworks/MultitouchSupport.framework/Versions/A/MultitouchSupport
0x00007fff2bf40000 	/System/Library/PrivateFrameworks/InternationalSupport.framework/Versions/A/InternationalSupport
0x00007fff24c88000 	/usr/lib/libenergytrace.dylib
0x00007fff22c32000 	/System/Library/Frameworks/IOKit.framework/Versions/A/IOKit
0x00007fff2ffed000 	/System/Library/Frameworks/CoreServices.framework/Versions/A/CoreServices
0x00007fff2722e000 	/System/Library/PrivateFrameworks/PerformanceAnalysis.framework/Versions/A/PerformanceAnalysis
0x00007fff6bb5a000 	/System/Library/Frameworks/OpenGL.framework/Versions/A/OpenGL
0x00007fff2bfc4000 	/System/Library/PrivateFrameworks/UserActivity.framework/Versions/A/UserActivity
0x00007fff20313000 	/usr/lib/libobjc.A.dylib
0x00007fff25706000 	/System/Library/Frameworks/ColorSync.framework/Versions/A/ColorSync
0x00007fff204f3000 	/System/Library/Frameworks/CoreFoundation.framework/Versions/A/CoreFoundation
0x00007fff28d03000 	/System/Library/Frameworks/CoreImage.framework/Versions/A/CoreImage
0x00007fff21a92000 	/System/Library/Frameworks/CoreText.framework/Versions/A/CoreText
0x00007fff28ac6000 	/System/Library/Frameworks/ImageIO.framework/Versions/A/ImageIO
0x00007fff2a65a000 	/System/Library/PrivateFrameworks/SoftLinking.framework/Versions/A/SoftLinking
0x00007fff272e7000 	/usr/lib/libxml2.2.dylib
0x00007fff203d9000 	/usr/lib/libc++.1.dylib
0x00007fff2a8cb000 	/usr/lib/libcompression.dylib
0x00007fff2be72000 	/System/Library/PrivateFrameworks/TextureIO.framework/Versions/A/TextureIO
0x00007fff2aefa000 	/usr/lib/libate.dylib
0x00007fff2a64e000 	/usr/lib/system/libcache.dylib
0x00007fff2a60a000 	/usr/lib/system/libcommonCrypto.dylib
0x00007fff2a634000 	/usr/lib/system/libcompiler_rt.dylib
0x00007fff2a629000 	/usr/lib/system/libcopyfile.dylib
0x00007fff20203000 	/usr/lib/system/libcorecrypto.dylib
0x00007fff202ce000 	/usr/lib/system/libdispatch.dylib
0x00007fff20481000 	/usr/lib/system/libdyld.dylib
0x00007fff2a645000 	/usr/lib/system/libkeymgr.dylib
0x00007fff2da58000 	/usr/lib/system/liblaunch.dylib
0x00007fff2a5e8000 	/usr/lib/system/libmacho.dylib
0x00007fff29de0000 	/usr/lib/system/libquarantine.dylib
0x00007fff2a642000 	/usr/lib/system/libremovefile.dylib
0x00007fff24ce6000 	/usr/lib/system/libsystem_asl.dylib
0x00007fff201b3000 	/usr/lib/system/libsystem_blocks.dylib
0x00007fff20350000 	/usr/lib/system/libsystem_c.dylib
0x00007fff2a63c000 	/usr/lib/system/libsystem_collections.dylib
0x00007fff290e6000 	/usr/lib/system/libsystem_configuration.dylib
0x00007fff283d2000 	/usr/lib/system/libsystem_containermanager.dylib
0x00007fff2a38b000 	/usr/lib/system/libsystem_coreservices.dylib
0x00007fff228c2000 	/usr/lib/system/libsystem_darwin.dylib
0x00007fff2a646000 	/usr/lib/system/libsystem_dnssd.dylib
0x00007fff2034d000 	/usr/lib/system/libsystem_featureflags.dylib
0x00007fff204c7000 	/usr/lib/system/libsystem_info.dylib
0x00007fff2a59f000 	/usr/lib/system/libsystem_m.dylib
0x00007fff202a1000 	/usr/lib/system/libsystem_malloc.dylib
0x00007fff24c79000 	/usr/lib/system/libsystem_networkextension.dylib
0x00007fff22ce1000 	/usr/lib/system/libsystem_notify.dylib
0x00007fff2feef000 	/usr/lib/system/libsystem_product_info_filter.dylib
0x00007fff290ea000 	/usr/lib/system/libsystem_sandbox.dylib
0x00007fff2a63f000 	/usr/lib/system/libsystem_secinit.dylib
0x00007fff20445000 	/usr/lib/system/libsystem_kernel.dylib
0x00007fff204bd000 	/usr/lib/system/libsystem_platform.dylib
0x00007fff20475000 	/usr/lib/system/libsystem_pthread.dylib
0x00007fff263c3000 	/usr/lib/system/libsystem_symptoms.dylib
0x00007fff201eb000 	/usr/lib/system/libsystem_trace.dylib
0x00007fff2a616000 	/usr/lib/system/libunwind.dylib
0x00007fff201b5000 	/usr/lib/system/libxpc.dylib
0x00007fff2042f000 	/usr/lib/libc++abi.dylib
0x00007fff2a621000 	/usr/lib/liboah.dylib
0x00007fff2acdf000 	/usr/lib/liblzma.5.dylib
0x00007fff20fb6000 	/System/Library/Frameworks/SystemConfiguration.framework/Versions/A/SystemConfiguration
0x00007fff2a656000 	/usr/lib/libfakelink.dylib
0x00007fff247da000 	/System/Library/Frameworks/CFNetwork.framework/Versions/A/CFNetwork
0x00007fff2a796000 	/usr/lib/libarchive.2.dylib
0x00007fff21034000 	/usr/lib/libCRFSuite.dylib
0x00007fff29e07000 	/usr/lib/libbsm.0.dylib
0x00007fff24153000 	/usr/lib/libnetwork.dylib
0x00007fff2a65b000 	/usr/lib/libpcap.A.dylib
0x00007fff263bc000 	/usr/lib/libdns_services.dylib
0x00007fff2acf8000 	/usr/lib/libcoretls_cfhelpers.dylib
0x00007fff2a895000 	/usr/lib/libapple_nghttp2.dylib
0x00007fff2a5ee000 	/usr/lib/system/libkxld.dylib
0x00007fff26035000 	/usr/lib/libsqlite3.dylib
0x00007fff2a36e000 	/System/Library/PrivateFrameworks/AppleFSCompression.framework/Versions/A/AppleFSCompression
0x00007fff29def000 	/usr/lib/libcoretls.dylib
0x00007fff2a8c6000 	/usr/lib/libpam.2.dylib
0x00007fff2adf6000 	/usr/lib/libxar.1.dylib
0x00007fff290f1000 	/System/Library/PrivateFrameworks/AppleSystemInfo.framework/Versions/A/AppleSystemInfo
0x00007fff29a31000 	/System/Library/PrivateFrameworks/IOMobileFramebuffer.framework/Versions/A/IOMobileFramebuffer
0x00007fff2a37e000 	/usr/lib/libbz2.1.0.dylib
0x00007fff2a693000 	/usr/lib/libiconv.2.dylib
0x00007fff2a5e7000 	/usr/lib/libcharset.1.dylib
0x00007fff2726a000 	/System/Library/Frameworks/CoreServices.framework/Versions/A/Frameworks/FSEvents.framework/Versions/A/FSEvents
0x00007fff228cc000 	/System/Library/Frameworks/CoreServices.framework/Versions/A/Frameworks/CarbonCore.framework/Versions/A/CarbonCore
0x00007fff265d7000 	/System/Library/Frameworks/CoreServices.framework/Versions/A/Frameworks/Metadata.framework/Versions/A/Metadata
0x00007fff2a390000 	/System/Library/Frameworks/CoreServices.framework/Versions/A/Frameworks/OSServices.framework/Versions/A/OSServices
0x00007fff2a808000 	/System/Library/Frameworks/CoreServices.framework/Versions/A/Frameworks/SearchKit.framework/Versions/A/SearchKit
0x00007fff26347000 	/System/Library/Frameworks/CoreServices.framework/Versions/A/Frameworks/AE.framework/Versions/A/AE
0x00007fff20991000 	/System/Library/Frameworks/CoreServices.framework/Versions/A/Frameworks/LaunchServices.framework/Versions/A/LaunchServices
0x00007fff2ac8f000 	/System/Library/Frameworks/CoreServices.framework/Versions/A/Frameworks/DictionaryServices.framework/Versions/A/DictionaryServices
0x00007fff27277000 	/System/Library/Frameworks/CoreServices.framework/Versions/A/Frameworks/SharedFileList.framework/Versions/A/SharedFileList
0x00007fff29de3000 	/usr/lib/libCheckFix.dylib
0x00007fff24cfd000 	/System/Library/PrivateFrameworks/TCC.framework/Versions/A/TCC
0x00007fff290f7000 	/System/Library/PrivateFrameworks/CoreNLP.framework/Versions/A/CoreNLP
0x00007fff2658a000 	/System/Library/PrivateFrameworks/MetadataUtilities.framework/Versions/A/MetadataUtilities
0x00007fff21069000 	/usr/lib/libmecabra.dylib
0x00007fff2a0ed000 	/System/Library/Frameworks/MLCompute.framework/Versions/A/MLCompute
0x00007fff29e18000 	/usr/lib/libmecab.dylib
0x00007fff29e62000 	/usr/lib/libgermantok.dylib
0x00007fff2a870000 	/usr/lib/libThaiTokenizer.dylib
0x00007fff2ae31000 	/usr/lib/libChineseTokenizer.dylib
0x00007fff2a8c4000 	/System/Library/Frameworks/MetalPerformanceShaders.framework/Versions/A/MetalPerformanceShaders
0x00007fff26679000 	/System/Library/Frameworks/Accelerate.framework/Versions/A/Frameworks/vImage.framework/Versions/A/vImage
0x00007fff2ffc7000 	/System/Library/Frameworks/Accelerate.framework/Versions/A/Frameworks/vecLib.framework/Versions/A/vecLib
0x00007fff2ae3c000 	/System/Library/Frameworks/Accelerate.framework/Versions/A/Frameworks/vecLib.framework/Versions/A/libvMisc.dylib
0x00007fff2984c000 	/System/Library/Frameworks/Accelerate.framework/Versions/A/Frameworks/vecLib.framework/Versions/A/libvDSP.dylib
0x00007fff20c9c000 	/System/Library/Frameworks/Accelerate.framework/Versions/A/Frameworks/vecLib.framework/Versions/A/libBLAS.dylib
0x00007fff2a8f1000 	/System/Library/Frameworks/Accelerate.framework/Versions/A/Frameworks/vecLib.framework/Versions/A/libLAPACK.dylib
0x00007fff29e68000 	/System/Library/Frameworks/Accelerate.framework/Versions/A/Frameworks/vecLib.framework/Versions/A/libLinearAlgebra.dylib
0x00007fff2a8ad000 	/System/Library/Frameworks/Accelerate.framework/Versions/A/Frameworks/vecLib.framework/Versions/A/libSparseBLAS.dylib
0x00007fff2a8eb000 	/System/Library/Frameworks/Accelerate.framework/Versions/A/Frameworks/vecLib.framework/Versions/A/libQuadrature.dylib
0x00007fff291a3000 	/System/Library/Frameworks/Accelerate.framework/Versions/A/Frameworks/vecLib.framework/Versions/A/libBNNS.dylib
0x00007fff20f47000 	/System/Library/Frameworks/Accelerate.framework/Versions/A/Frameworks/vecLib.framework/Versions/A/libSparse.dylib
0x00007fff2907f000 	/System/Library/Frameworks/MetalPerformanceShaders.framework/Versions/A/Frameworks/MPSCore.framework/Versions/A/MPSCore
0x00007fff2a2dd000 	/System/Library/Frameworks/MetalPerformanceShaders.framework/Versions/A/Frameworks/MPSImage.framework/Versions/A/MPSImage
0x00007fff29e7e000 	/System/Library/Frameworks/MetalPerformanceShaders.framework/Versions/A/Frameworks/MPSNeuralNetwork.framework/Versions/A/MPSNeuralNetwork
0x00007fff2a24f000 	/System/Library/Frameworks/MetalPerformanceShaders.framework/Versions/A/Frameworks/MPSMatrix.framework/Versions/A/MPSMatrix
0x00007fff2a09d000 	/System/Library/Frameworks/MetalPerformanceShaders.framework/Versions/A/Frameworks/MPSRayIntersector.framework/Versions/A/MPSRayIntersector
0x00007fff2a286000 	/System/Library/Frameworks/MetalPerformanceShaders.framework/Versions/A/Frameworks/MPSNDArray.framework/Versions/A/MPSNDArray
0x00007fff20bc7000 	/System/Library/PrivateFrameworks/MetalTools.framework/Versions/A/MetalTools
0x00007fff290ef000 	/System/Library/PrivateFrameworks/AggregateDictionary.framework/Versions/A/AggregateDictionary
0x00007fff26557000 	/System/Library/PrivateFrameworks/CoreAnalytics.framework/Versions/A/CoreAnalytics
0x00007fff2a872000 	/System/Library/PrivateFrameworks/AppleSauce.framework/Versions/A/AppleSauce
0x00007fff283f5000 	/System/Library/PrivateFrameworks/IOAccelerator.framework/Versions/A/IOAccelerator
0x00007fff6bb4e000 	/System/Library/Frameworks/OpenGL.framework/Versions/A/Libraries/libCoreFSCache.dylib
0x00007fff21601000 	/System/Library/PrivateFrameworks/LanguageModeling.framework/Versions/A/LanguageModeling
0x00007fff29a1f000 	/System/Library/PrivateFrameworks/CoreEmoji.framework/Versions/A/CoreEmoji
0x00007fff2919c000 	/System/Library/PrivateFrameworks/LinguisticData.framework/Versions/A/LinguisticData
0x00007fff20ef9000 	/System/Library/PrivateFrameworks/Lexicon.framework/Versions/A/Lexicon
0x00007fff2a784000 	/usr/lib/libcmph.dylib
0x00007fff2724a000 	/System/Library/Frameworks/OpenDirectory.framework/Versions/A/Frameworks/CFOpenDirectory.framework/Versions/A/CFOpenDirectory
0x00007fff2723a000 	/System/Library/Frameworks/OpenDirectory.framework/Versions/A/OpenDirectory
0x00007fff2acfa000 	/System/Library/PrivateFrameworks/APFS.framework/Versions/A/APFS
0x00007fff29d45000 	/System/Library/Frameworks/SecurityFoundation.framework/Versions/A/SecurityFoundation
0x00007fff2ae04000 	/usr/lib/libutil.dylib
0x00007fff22bf7000 	/System/Library/PrivateFrameworks/CoreServicesStore.framework/Versions/A/CoreServicesStore
0x00007fff29ddb000 	/System/Library/Frameworks/ServiceManagement.framework/Versions/A/ServiceManagement
0x00007fff2ae08000 	/usr/lib/libxslt.1.dylib
0x00007fff29dd1000 	/System/Library/PrivateFrameworks/BackgroundTaskManagement.framework/Versions/A/BackgroundTaskManagement
0x00007fff2bdbc000 	/System/Library/Frameworks/ImageIO.framework/Versions/A/Resources/libRadiance.dylib
0x00007fff2bdc6000 	/System/Library/Frameworks/ImageIO.framework/Versions/A/Resources/libJPEG.dylib
0x00007fff2bd16000 	/System/Library/Frameworks/ImageIO.framework/Versions/A/Resources/libPng.dylib
0x00007fff2bd37000 	/System/Library/Frameworks/ImageIO.framework/Versions/A/Resources/libTIFF.dylib
0x00007fff2be1b000 	/System/Library/Frameworks/ImageIO.framework/Versions/A/Resources/libGIF.dylib
0x00007fff2ba68000 	/System/Library/Frameworks/ImageIO.framework/Versions/A/Resources/libJP2.dylib
0x00007fff2b183000 	/usr/lib/libexpat.1.dylib
0x00007fff2ba1e000 	/System/Library/PrivateFrameworks/AppleJPEG.framework/Versions/A/AppleJPEG
0x00007fff2862b000 	/System/Library/PrivateFrameworks/FontServices.framework/libFontParser.dylib
0x00007fff262fe000 	/System/Library/PrivateFrameworks/RunningBoardServices.framework/Versions/A/RunningBoardServices
0x00007fff2bb48000 	/System/Library/PrivateFrameworks/WatchdogClient.framework/Versions/A/WatchdogClient
0x00007fff216ea000 	/System/Library/Frameworks/CoreDisplay.framework/Versions/A/CoreDisplay
0x00007fff28540000 	/System/Library/Frameworks/CoreMedia.framework/Versions/A/CoreMedia
0x00007fff273ca000 	/System/Library/Frameworks/CoreVideo.framework/Versions/A/CoreVideo
0x00007fff2bb83000 	/System/Library/Frameworks/VideoToolbox.framework/Versions/A/VideoToolbox
0x00007fff2627e000 	/System/Library/PrivateFrameworks/BaseBoard.framework/Versions/A/BaseBoard
0x00007fff2b2c8000 	/System/Library/PrivateFrameworks/PersistentConnection.framework/Versions/A/PersistentConnection
0x00007fff2601f000 	/System/Library/PrivateFrameworks/ProtocolBuffer.framework/Versions/A/ProtocolBuffer
0x00007fff26266000 	/System/Library/PrivateFrameworks/CommonUtilities.framework/Versions/A/CommonUtilities
0x00007fff2b9e1000 	/System/Library/PrivateFrameworks/Bom.framework/Versions/A/Bom
0x00007fff2bdb4000 	/System/Library/PrivateFrameworks/GPUWrangler.framework/Versions/A/GPUWrangler
0x00007fff2bd97000 	/System/Library/PrivateFrameworks/IOPresentment.framework/Versions/A/IOPresentment
0x00007fff2bdc0000 	/System/Library/PrivateFrameworks/DSExternalDisplay.framework/Versions/A/DSExternalDisplay
0x00007fff2be20000 	/System/Library/PrivateFrameworks/CMCaptureCore.framework/Versions/A/CMCaptureCore
0x00007fff2b764000 	/System/Library/PrivateFrameworks/AppServerSupport.framework/Versions/A/AppServerSupport
0x00007fff2d7fb000 	/System/Library/PrivateFrameworks/perfdata.framework/Versions/A/perfdata
0x00007fff29d34000 	/System/Library/PrivateFrameworks/AssertionServices.framework/Versions/A/AssertionServices
0x00007fff21821000 	/System/Library/PrivateFrameworks/AudioToolboxCore.framework/Versions/A/AudioToolboxCore
0x00007fff28523000 	/System/Library/PrivateFrameworks/caulk.framework/Versions/A/caulk
0x00007fff3cca7000 	/System/Library/PrivateFrameworks/SystemPolicy.framework/Versions/A/SystemPolicy
0x00007fff2af92000 	/usr/lib/libIOReport.dylib
0x00007fff2d037000 	/usr/lib/libSMC.dylib
0x00007fff2bce2000 	/usr/lib/libAudioToolboxUtility.dylib
0x00007fff3d604000 	/usr/lib/libmis.dylib
0x00007fff6bbaa000 	/System/Library/Frameworks/OpenGL.framework/Versions/A/Libraries/libGLU.dylib
0x00007fff6bb6d000 	/System/Library/Frameworks/OpenGL.framework/Versions/A/Libraries/libGFXShared.dylib
0x00007fff6bd7b000 	/System/Library/Frameworks/OpenGL.framework/Versions/A/Libraries/libGL.dylib
0x00007fff6bb76000 	/System/Library/Frameworks/OpenGL.framework/Versions/A/Libraries/libGLImage.dylib
0x00007fff6bb6a000 	/System/Library/Frameworks/OpenGL.framework/Versions/A/Libraries/libCVMSPluginSupport.dylib
0x00007fff6bb55000 	/System/Library/Frameworks/OpenGL.framework/Versions/A/Libraries/libCoreVMClient.dylib
0x00007fff6d1c5000 	/System/Library/Frameworks/OpenCL.framework/Versions/A/OpenCL
0x00007fff2b2f1000 	/System/Library/PrivateFrameworks/GraphVisualizer.framework/Versions/A/GraphVisualizer
0x00007fff2b300000 	/System/Library/PrivateFrameworks/FaceCore.framework/Versions/A/FaceCore
0x00007fff2b71c000 	/System/Library/PrivateFrameworks/OTSVG.framework/Versions/A/OTSVG
0x00007fff26fbf000 	/System/Library/Frameworks/ApplicationServices.framework/Versions/A/Frameworks/ATS.framework/Versions/A/Resources/libFontRegistry.dylib
0x00007fff2b76b000 	/System/Library/PrivateFrameworks/FontServices.framework/libhvf.dylib
0x00007fff2b12f000 	/System/Library/PrivateFrameworks/AppleVA.framework/Versions/A/AppleVA
0x00007fff2ce7f000 	/System/Library/Frameworks/ApplicationServices.framework/Versions/A/Frameworks/ATS.framework/Versions/A/ATS
0x00007fff2d192000 	/System/Library/Frameworks/ApplicationServices.framework/Versions/A/Frameworks/ColorSyncLegacy.framework/Versions/A/ColorSyncLegacy
0x00007fff257fd000 	/System/Library/Frameworks/ApplicationServices.framework/Versions/A/Frameworks/HIServices.framework/Versions/A/HIServices
0x00007fff2d177000 	/System/Library/Frameworks/ApplicationServices.framework/Versions/A/Frameworks/LangAnalysis.framework/Versions/A/LangAnalysis
0x00007fff2be2a000 	/System/Library/Frameworks/ApplicationServices.framework/Versions/A/Frameworks/PrintCore.framework/Versions/A/PrintCore
0x00007fff2d19a000 	/System/Library/Frameworks/ApplicationServices.framework/Versions/A/Frameworks/QD.framework/Versions/A/QD
0x00007fff2ce6f000 	/System/Library/Frameworks/ApplicationServices.framework/Versions/A/Frameworks/SpeechSynthesis.framework/Versions/A/SpeechSynthesis
0x00007fff2bdeb000 	/System/Library/Frameworks/ApplicationServices.framework/Versions/A/Frameworks/ATSUI.framework/Versions/A/ATSUI
0x00007fff2d117000 	/usr/lib/libcups.2.dylib
0x00007fff2d187000 	/System/Library/PrivateFrameworks/NetAuth.framework/Versions/A/NetAuth
0x00007fff2d816000 	/System/Library/Frameworks/Kerberos.framework/Versions/A/Kerberos
0x00007fff2d826000 	/System/Library/Frameworks/GSS.framework/Versions/A/GSS
0x00007fff2ceec000 	/usr/lib/libresolv.9.dylib
0x00007fff2b781000 	/System/Library/PrivateFrameworks/Heimdal.framework/Versions/A/Heimdal
0x00007fff334dd000 	/System/Library/Frameworks/Kerberos.framework/Versions/A/Libraries/libHeimdalProxy.dylib
0x00007fff263cb000 	/System/Library/Frameworks/Network.framework/Versions/A/Network
0x00007fff2b19d000 	/usr/lib/libheimdal-asn1.dylib
0x00007fff2d877000 	/System/Library/PrivateFrameworks/CommonAuth.framework/Versions/A/CommonAuth
0x00007fff27418000 	/System/Library/PrivateFrameworks/login.framework/Versions/A/Frameworks/loginsupport.framework/Versions/A/loginsupport
0x00007fff2cdf6000 	/System/Library/PrivateFrameworks/AudioSession.framework/Versions/A/AudioSession
0x00007fff2ce5c000 	/usr/lib/libAudioStatistics.dylib
0x00007fff2b229000 	/System/Library/PrivateFrameworks/MediaExperience.framework/Versions/A/MediaExperience
0x00007fff2cc8f000 	/System/Library/PrivateFrameworks/AudioSession.framework/libSessionUtility.dylib
0x00007fff2d807000 	/usr/lib/libperfcheck.dylib
0x00007fff2d1a6000 	/System/Library/PrivateFrameworks/AudioResourceArbitration.framework/Versions/A/AudioResourceArbitration
0x00007fff2b1a7000 	/System/Library/PrivateFrameworks/IconFoundation.framework/Versions/A/IconFoundation
0x00007fff2fcaa000 	/System/Library/PrivateFrameworks/SpeechRecognitionCore.framework/Versions/A/SpeechRecognitionCore
0x0000000106800000 	/Applications/Android Studio.app/Contents/jre/Contents/Home/lib/server/libjvm.dylib
0x0000000107925000 	/Applications/Android Studio.app/Contents/jre/Contents/Home/lib/libverify.dylib
0x0000000107938000 	/Applications/Android Studio.app/Contents/jre/Contents/Home/lib/libjava.dylib
0x0000000107972000 	/Applications/Android Studio.app/Contents/jre/Contents/Home/lib/libjimage.dylib
0x00000001079cc000 	/Applications/Android Studio.app/Contents/jre/Contents/Home/lib/libzip.dylib
0x0000000110aef000 	/Applications/Android Studio.app/Contents/jre/Contents/Home/lib/libnio.dylib
0x0000000110b0a000 	/Applications/Android Studio.app/Contents/jre/Contents/Home/lib/libnet.dylib
0x0000000110b2d000 	/Users/sandovaldevia/.gradle/native/8bec1ad78214c89d9ad589b4d07fe93259594b29d510b10fafb7a158f7737e5d/osx-amd64/libnative-platform.dylib
0x0000000110b34000 	/Users/sandovaldevia/.gradle/native/53dbd7edfb1c66fb8903c78663c9afc45aea4f116125fa6feffd364cf09443e8/osx-amd64/libnative-platform-file-events.dylib
0x0000000110fa1000 	/Applications/Android Studio.app/Contents/jre/Contents/Home/lib/libmanagement.dylib
0x0000000110fb2000 	/Applications/Android Studio.app/Contents/jre/Contents/Home/lib/libmanagement_ext.dylib
0x00000001111c2000 	/Applications/Android Studio.app/Contents/jre/Contents/Home/lib/libextnet.dylib


VM Arguments:
jvm_args: --add-opens=java.base/java.util=ALL-UNNAMED --add-opens=java.base/java.lang=ALL-UNNAMED --add-opens=java.base/java.lang.invoke=ALL-UNNAMED --add-opens=java.base/java.util=ALL-UNNAMED --add-opens=java.prefs/java.util.prefs=ALL-UNNAMED --add-opens=java.prefs/java.util.prefs=ALL-UNNAMED --add-opens=java.base/java.nio.charset=ALL-UNNAMED --add-opens=java.base/java.net=ALL-UNNAMED --add-opens=java.base/java.util.concurrent.atomic=ALL-UNNAMED -Xmx2048m -Dfile.encoding=UTF-8 -Duser.country=419 -Duser.language=es -Duser.variant 
java_command: org.gradle.launcher.daemon.bootstrap.GradleDaemon 7.0.2
java_class_path (initial): /Users/sandovaldevia/.gradle/wrapper/dists/gradle-7.0.2-bin/857tjihv64xamwrf0h14cai3r/gradle-7.0.2/lib/gradle-launcher-7.0.2.jar
Launcher Type: SUN_STANDARD

[Global flags]
     intx CICompilerCount                          = 4                                         {product} {ergonomic}
     uint ConcGCThreads                            = 2                                         {product} {ergonomic}
     uint G1ConcRefinementThreads                  = 8                                         {product} {ergonomic}
   size_t G1HeapRegionSize                         = 1048576                                   {product} {ergonomic}
    uintx GCDrainStackTargetSize                   = 64                                        {product} {ergonomic}
   size_t InitialHeapSize                          = 134217728                                 {product} {ergonomic}
   size_t MarkStackSize                            = 4194304                                   {product} {ergonomic}
   size_t MaxHeapSize                              = 2147483648                                {product} {command line}
   size_t MaxNewSize                               = 1287651328                                {product} {ergonomic}
   size_t MinHeapDeltaBytes                        = 1048576                                   {product} {ergonomic}
    uintx NonNMethodCodeHeapSize                   = 5836300                                {pd product} {ergonomic}
    uintx NonProfiledCodeHeapSize                  = 122910970                              {pd product} {ergonomic}
    uintx ProfiledCodeHeapSize                     = 122910970                              {pd product} {ergonomic}
    uintx ReservedCodeCacheSize                    = 251658240                              {pd product} {ergonomic}
     bool SegmentedCodeCache                       = true                                      {product} {ergonomic}
     bool UseCompressedClassPointers               = true                                 {lp64_product} {ergonomic}
     bool UseCompressedOops                        = true                                 {lp64_product} {ergonomic}
     bool UseG1GC                                  = true                                      {product} {ergonomic}

Logging:
Log output configuration:
 #0: stdout all=warning uptime,level,tags
 #1: stderr all=off uptime,level,tags

Environment Variables:
PATH=/usr/local/bin:/usr/bin:/bin:/usr/sbin:/sbin:/Users/sandovaldevia/Documents/sandoval/flutter/flutter/bin:/Library/Apple/usr/bin
SHELL=/bin/zsh
LC_CTYPE=es_419.UTF-8

Signal Handlers:
SIGSEGV: [libjvm.dylib+0x78fc66], sa_mask[0]=11111111011111110111111111111111, sa_flags=SA_ONSTACK|SA_RESTART|SA_SIGINFO
SIGBUS: [libjvm.dylib+0x78fc66], sa_mask[0]=11111111011111110111111111111111, sa_flags=SA_RESTART|SA_SIGINFO
SIGFPE: [libjvm.dylib+0x78fc66], sa_mask[0]=11111111011111110111111111111111, sa_flags=SA_RESTART|SA_SIGINFO
SIGPIPE: [libjvm.dylib+0x5feb77], sa_mask[0]=11111111011111110111111111111111, sa_flags=SA_RESTART|SA_SIGINFO
SIGXFSZ: [libjvm.dylib+0x5feb77], sa_mask[0]=11111111011111110111111111111111, sa_flags=SA_RESTART|SA_SIGINFO
SIGILL: [libjvm.dylib+0x78fc66], sa_mask[0]=11111111011111110111111111111111, sa_flags=SA_RESTART|SA_SIGINFO
SIGUSR2: [libjvm.dylib+0x5ff156], sa_mask[0]=00100000000000000000000000000000, sa_flags=SA_RESTART|SA_SIGINFO
SIGHUP: [libjvm.dylib+0x5fdc3f], sa_mask[0]=11111111011111110111111111111111, sa_flags=SA_RESTART|SA_SIGINFO
SIGINT: [libjvm.dylib+0x5fdc3f], sa_mask[0]=11111111011111110111111111111111, sa_flags=SA_RESTART|SA_SIGINFO
SIGTERM: [libjvm.dylib+0x5fdc3f], sa_mask[0]=11111111011111110111111111111111, sa_flags=SA_RESTART|SA_SIGINFO
SIGQUIT: [libjvm.dylib+0x5fdc3f], sa_mask[0]=11111111011111110111111111111111, sa_flags=SA_RESTART|SA_SIGINFO


---------------  S Y S T E M  ---------------

OS:uname:Darwin 20.6.0 Darwin Kernel Version 20.6.0: Mon Aug 30 06:12:21 PDT 2021; root:xnu-7195.141.6~3/RELEASE_X86_64 x86_64
OS uptime: 12 days 14:33 hours
rlimit (soft/hard): STACK 8192k/65532k , CORE 0k/infinity , NPROC 1392/2088 , NOFILE 10240/infinity , AS infinity/infinity , CPU infinity/infinity , DATA infinity/infinity , FSIZE infinity/infinity , MEMLOCK infinity/infinity , RSS infinity/infinity
load average:2.84 2.52 2.34

CPU:total 8 (initial active 8) (4 cores per cpu, 2 threads per core) family 6 model 142 stepping 10 microcode 0xea, cmov, cx8, fxsr, mmx, sse, sse2, sse3, ssse3, sse4.1, sse4.2, popcnt, avx, avx2, aes, clmul, erms, 3dnowpref, lzcnt, ht, tsc, tscinvbit, bmi1, bmi2, adx, fma

Memory: 4k page, physical 8388608k(36824k free), swap 2097152k(1508864k free)

vm_info: OpenJDK 64-Bit Server VM (11.0.10+0-b96-7281165) for bsd-amd64 JRE (11.0.10+0-b96-7281165), built on Apr 14 2021 15:20:36 by "builder" with gcc Android (6875598, based on r399163b) Clang 11.0.5 (https://android.googlesource.com/toolchain/llvm-project 87f1315dfbea7c137aa2e6d362dbb457e388158d)

END.
